[2025-12-12 11:36:24] ======================================================================
[2025-12-12 11:36:24] MindScan / Inovexa — Geração automática de __init__.py
[2025-12-12 11:36:24] Raiz do projeto : D:\projetos-inovexa\mindscan
[2025-12-12 11:36:24] Modo dry-run    : SIM
[2025-12-12 11:36:24] ======================================================================
[2025-12-12 11:36:24] [DRY-RUN] Criaria D:\projetos-inovexa\mindscan\admin\__init__.py
[2025-12-12 11:36:24] [DRY-RUN] Criaria D:\projetos-inovexa\mindscan\analytics\__init__.py
[2025-12-12 11:36:24] [DRY-RUN] Criaria D:\projetos-inovexa\mindscan\audios\__init__.py
[2025-12-12 11:36:24] [DRY-RUN] Criaria D:\projetos-inovexa\mindscan\auth\__init__.py
[2025-12-12 11:36:24] [DRY-RUN] Criaria D:\projetos-inovexa\mindscan\backend\algorithms\__init__.py
[2025-12-12 11:36:24] [DRY-RUN] Criaria D:\projetos-inovexa\mindscan\backend\algorithms\big5\__init__.py
[2025-12-12 11:36:24] [DRY-RUN] Criaria D:\projetos-inovexa\mindscan\backend\algorithms\bussola\__init__.py
[2025-12-12 11:36:24] [DRY-RUN] Criaria D:\projetos-inovexa\mindscan\backend\algorithms\core\__init__.py
[2025-12-12 11:36:24] [DRY-RUN] Criaria D:\projetos-inovexa\mindscan\backend\algorithms\cruzamentos\__init__.py
[2025-12-12 11:36:24] [DRY-RUN] Criaria D:\projetos-inovexa\mindscan\backend\algorithms\dass\__init__.py
[2025-12-12 11:36:24] [DRY-RUN] Criaria D:\projetos-inovexa\mindscan\backend\algorithms\dass21\__init__.py
[2025-12-12 11:36:24] [DRY-RUN] Criaria D:\projetos-inovexa\mindscan\backend\algorithms\esquemas\__init__.py
[2025-12-12 11:36:24] [DRY-RUN] Criaria D:\projetos-inovexa\mindscan\backend\algorithms\matcher\__init__.py
[2025-12-12 11:36:24] [DRY-RUN] Criaria D:\projetos-inovexa\mindscan\backend\algorithms\ocai\__init__.py
[2025-12-12 11:36:24] [DRY-RUN] Criaria D:\projetos-inovexa\mindscan\backend\algorithms\performance\__init__.py
[2025-12-12 11:36:24] [DRY-RUN] Criaria D:\projetos-inovexa\mindscan\backend\algorithms\teique\__init__.py
[2025-12-12 11:36:24] [DRY-RUN] Criaria D:\projetos-inovexa\mindscan\backend\analytics\audit\__init__.py
[2025-12-12 11:36:24] [DRY-RUN] Criaria D:\projetos-inovexa\mindscan\backend\analytics\metrics\__init__.py
[2025-12-12 11:36:24] [DRY-RUN] Criaria D:\projetos-inovexa\mindscan\backend\analytics\monitoring\__init__.py
[2025-12-12 11:36:24] [DRY-RUN] Criaria D:\projetos-inovexa\mindscan\backend\api\__init__.py
[2025-12-12 11:36:24] [DRY-RUN] Criaria D:\projetos-inovexa\mindscan\backend\api\compat\__init__.py
[2025-12-12 11:36:24] [DRY-RUN] Criaria D:\projetos-inovexa\mindscan\backend\api\controllers\__init__.py
[2025-12-12 11:36:24] [DRY-RUN] Criaria D:\projetos-inovexa\mindscan\backend\api\middleware\__init__.py
[2025-12-12 11:36:24] [DRY-RUN] Criaria D:\projetos-inovexa\mindscan\backend\api\routes\__init__.py
[2025-12-12 11:36:24] [DRY-RUN] Criaria D:\projetos-inovexa\mindscan\backend\api\schemas\__init__.py
[2025-12-12 11:36:24] [DRY-RUN] Criaria D:\projetos-inovexa\mindscan\backend\api\services\__init__.py
[2025-12-12 11:36:24] [DRY-RUN] Criaria D:\projetos-inovexa\mindscan\backend\api\utils\__init__.py
[2025-12-12 11:36:24] [DRY-RUN] Criaria D:\projetos-inovexa\mindscan\backend\api\validators\__init__.py
[2025-12-12 11:36:24] [DRY-RUN] Criaria D:\projetos-inovexa\mindscan\backend\core\__init__.py
[2025-12-12 11:36:24] [DRY-RUN] Criaria D:\projetos-inovexa\mindscan\backend\core\compliance\__init__.py
[2025-12-12 11:36:24] [DRY-RUN] Criaria D:\projetos-inovexa\mindscan\backend\core\diagnostic\__init__.py
[2025-12-12 11:36:24] [DRY-RUN] Criaria D:\projetos-inovexa\mindscan\backend\core\interpretation\__init__.py
[2025-12-12 11:36:24] [DRY-RUN] Criaria D:\projetos-inovexa\mindscan\backend\core\normalization\__init__.py
[2025-12-12 11:36:24] [DRY-RUN] Criaria D:\projetos-inovexa\mindscan\backend\core\orchestrator\__init__.py
[2025-12-12 11:36:24] [DRY-RUN] Criaria D:\projetos-inovexa\mindscan\backend\integrations\events\__init__.py
[2025-12-12 11:36:24] [DRY-RUN] Criaria D:\projetos-inovexa\mindscan\backend\integrations\webhooks\__init__.py
[2025-12-12 11:36:24] [DRY-RUN] Criaria D:\projetos-inovexa\mindscan\backend\integrations\whatsapp\__init__.py
[2025-12-12 11:36:24] [DRY-RUN] Criaria D:\projetos-inovexa\mindscan\backend\mi\__init__.py
[2025-12-12 11:36:24] [DRY-RUN] Criaria D:\projetos-inovexa\mindscan\backend\mi\compliance\__init__.py
[2025-12-12 11:36:24] [DRY-RUN] Criaria D:\projetos-inovexa\mindscan\backend\mi\generative\__init__.py
[2025-12-12 11:36:24] [DRY-RUN] Criaria D:\projetos-inovexa\mindscan\backend\mi\persona\__init__.py
[2025-12-12 11:36:24] [DRY-RUN] Criaria D:\projetos-inovexa\mindscan\backend\middleware\__init__.py
[2025-12-12 11:36:24] [DRY-RUN] Criaria D:\projetos-inovexa\mindscan\backend\models\__init__.py
[2025-12-12 11:36:24] [DRY-RUN] Criaria D:\projetos-inovexa\mindscan\backend\models\inputs\__init__.py
[2025-12-12 11:36:24] [DRY-RUN] Criaria D:\projetos-inovexa\mindscan\backend\models\outputs\__init__.py
[2025-12-12 11:36:24] [DRY-RUN] Criaria D:\projetos-inovexa\mindscan\backend\models\scoring\__init__.py
[2025-12-12 11:36:24] [DRY-RUN] Criaria D:\projetos-inovexa\mindscan\backend\pipelines\__init__.py
[2025-12-12 11:36:24] [DRY-RUN] Criaria D:\projetos-inovexa\mindscan\backend\providers\__init__.py
[2025-12-12 11:36:24] [DRY-RUN] Criaria D:\projetos-inovexa\mindscan\backend\reports\__init__.py
[2025-12-12 11:36:24] [DRY-RUN] Criaria D:\projetos-inovexa\mindscan\backend\services\adapters\__init__.py
[2025-12-12 11:36:24] [DRY-RUN] Criaria D:\projetos-inovexa\mindscan\backend\services\builders\__init__.py
[2025-12-12 11:36:24] [DRY-RUN] Criaria D:\projetos-inovexa\mindscan\backend\services\design\__init__.py
[2025-12-12 11:36:24] [DRY-RUN] Criaria D:\projetos-inovexa\mindscan\backend\services\engines\__init__.py
[2025-12-12 11:36:24] [DRY-RUN] Criaria D:\projetos-inovexa\mindscan\backend\services\helpers\__init__.py
[2025-12-12 11:36:24] [DRY-RUN] Criaria D:\projetos-inovexa\mindscan\backend\services\infrastructure\__init__.py
[2025-12-12 11:36:24] [DRY-RUN] Criaria D:\projetos-inovexa\mindscan\backend\services\mi\__init__.py
[2025-12-12 11:36:24] [DRY-RUN] Criaria D:\projetos-inovexa\mindscan\backend\services\orchestrators\__init__.py
[2025-12-12 11:36:24] [DRY-RUN] Criaria D:\projetos-inovexa\mindscan\backend\services\pdf\__init__.py
[2025-12-12 11:36:24] [DRY-RUN] Criaria D:\projetos-inovexa\mindscan\backend\services\pdf\engine\__init__.py
[2025-12-12 11:36:24] [DRY-RUN] Criaria D:\projetos-inovexa\mindscan\backend\services\pdf\pdf_sections\__init__.py
[2025-12-12 11:36:24] [DRY-RUN] Criaria D:\projetos-inovexa\mindscan\backend\services\pdf\renderers\__init__.py
[2025-12-12 11:36:24] [DRY-RUN] Criaria D:\projetos-inovexa\mindscan\backend\services\pdf\report_templates\__init__.py
[2025-12-12 11:36:24] [DRY-RUN] Criaria D:\projetos-inovexa\mindscan\backend\services\pdf\telemetry\__init__.py
[2025-12-12 11:36:24] [DRY-RUN] Criaria D:\projetos-inovexa\mindscan\backend\services\pdf\templates\__init__.py
[2025-12-12 11:36:24] [DRY-RUN] Criaria D:\projetos-inovexa\mindscan\backend\services\pdf\validators\__init__.py
[2025-12-12 11:36:24] [DRY-RUN] Criaria D:\projetos-inovexa\mindscan\backend\services\pdf_tools\__init__.py
[2025-12-12 11:36:24] [DRY-RUN] Criaria D:\projetos-inovexa\mindscan\backend\services\post_processors\__init__.py
[2025-12-12 11:36:24] [DRY-RUN] Criaria D:\projetos-inovexa\mindscan\backend\services\report\assembler\__init__.py
[2025-12-12 11:36:24] [DRY-RUN] Criaria D:\projetos-inovexa\mindscan\backend\services\report\assets\charts\__init__.py
[2025-12-12 11:36:24] [DRY-RUN] Criaria D:\projetos-inovexa\mindscan\backend\services\report\assets\covers\__init__.py
[2025-12-12 11:36:24] [DRY-RUN] Criaria D:\projetos-inovexa\mindscan\backend\services\report\assets\styles\__init__.py
[2025-12-12 11:36:24] [DRY-RUN] Criaria D:\projetos-inovexa\mindscan\backend\services\report\builders\__init__.py
[2025-12-12 11:36:24] [DRY-RUN] Criaria D:\projetos-inovexa\mindscan\backend\services\report\enhancers\__init__.py
[2025-12-12 11:36:24] [DRY-RUN] Criaria D:\projetos-inovexa\mindscan\backend\services\report\pdf\__init__.py
[2025-12-12 11:36:24] [DRY-RUN] Criaria D:\projetos-inovexa\mindscan\backend\services\report\renderers\__init__.py
[2025-12-12 11:36:24] [DRY-RUN] Criaria D:\projetos-inovexa\mindscan\backend\services\report_templates\__init__.py
[2025-12-12 11:36:24] [DRY-RUN] Criaria D:\projetos-inovexa\mindscan\backend\storage\__init__.py
[2025-12-12 11:36:24] [DRY-RUN] Criaria D:\projetos-inovexa\mindscan\backend\tests\__init__.py
[2025-12-12 11:36:24] [DRY-RUN] Criaria D:\projetos-inovexa\mindscan\backend\utils\__init__.py
[2025-12-12 11:36:26] [DRY-RUN] Criaria D:\projetos-inovexa\mindscan\backend\workers\__init__.py
[2025-12-12 11:36:26] [DRY-RUN] Criaria D:\projetos-inovexa\mindscan\coaching_v4\analysis\__init__.py
[2025-12-12 11:36:26] [DRY-RUN] Criaria D:\projetos-inovexa\mindscan\coaching_v4\builder\__init__.py
[2025-12-12 11:36:26] [DRY-RUN] Criaria D:\projetos-inovexa\mindscan\coaching_v4\engine\__init__.py
[2025-12-12 11:36:26] [DRY-RUN] Criaria D:\projetos-inovexa\mindscan\coaching_v4\finalizers\__init__.py
[2025-12-12 11:36:26] [DRY-RUN] Criaria D:\projetos-inovexa\mindscan\coaching_v4\manager\__init__.py
[2025-12-12 11:36:26] [DRY-RUN] Criaria D:\projetos-inovexa\mindscan\coaching_v4\orchestrators\__init__.py
[2025-12-12 11:36:26] [DRY-RUN] Criaria D:\projetos-inovexa\mindscan\coaching_v4\ranking\__init__.py
[2025-12-12 11:36:26] [DRY-RUN] Criaria D:\projetos-inovexa\mindscan\coaching_v4\routes\__init__.py
[2025-12-12 11:36:26] [DRY-RUN] Criaria D:\projetos-inovexa\mindscan\coaching_v4\ui\__init__.py
[2025-12-12 11:36:26] [DRY-RUN] Criaria D:\projetos-inovexa\mindscan\core\algorithms\__init__.py
[2025-12-12 11:36:26] [DRY-RUN] Criaria D:\projetos-inovexa\mindscan\core\diagnostics\__init__.py
[2025-12-12 11:36:26] [DRY-RUN] Criaria D:\projetos-inovexa\mindscan\core\engine\__init__.py
[2025-12-12 11:36:26] [DRY-RUN] Criaria D:\projetos-inovexa\mindscan\core\metrics\__init__.py
[2025-12-12 11:36:26] [DRY-RUN] Criaria D:\projetos-inovexa\mindscan\core\profiles\__init__.py
[2025-12-12 11:36:26] [DRY-RUN] Criaria D:\projetos-inovexa\mindscan\core\reporting\__init__.py
[2025-12-12 11:36:26] [DRY-RUN] Criaria D:\projetos-inovexa\mindscan\core\scoring\__init__.py
[2025-12-12 11:36:26] [DRY-RUN] Criaria D:\projetos-inovexa\mindscan\export_v4\__init__.py
[2025-12-12 11:36:26] [DRY-RUN] Criaria D:\projetos-inovexa\mindscan\export_v4\analysis\__init__.py
[2025-12-12 11:36:26] [DRY-RUN] Criaria D:\projetos-inovexa\mindscan\export_v4\assets\__init__.py
[2025-12-12 11:36:26] [DRY-RUN] Criaria D:\projetos-inovexa\mindscan\export_v4\builder\__init__.py
[2025-12-12 11:36:26] [DRY-RUN] Criaria D:\projetos-inovexa\mindscan\export_v4\docx\__init__.py
[2025-12-12 11:36:26] [DRY-RUN] Criaria D:\projetos-inovexa\mindscan\export_v4\finalizers\__init__.py
[2025-12-12 11:36:26] [DRY-RUN] Criaria D:\projetos-inovexa\mindscan\export_v4\fusion\__init__.py
[2025-12-12 11:36:26] [DRY-RUN] Criaria D:\projetos-inovexa\mindscan\export_v4\html\__init__.py
[2025-12-12 11:36:26] [DRY-RUN] Criaria D:\projetos-inovexa\mindscan\export_v4\layout\__init__.py
[2025-12-12 11:36:26] [DRY-RUN] Criaria D:\projetos-inovexa\mindscan\export_v4\meta\__init__.py
[2025-12-12 11:36:26] [DRY-RUN] Criaria D:\projetos-inovexa\mindscan\export_v4\packager\__init__.py
[2025-12-12 11:36:26] [DRY-RUN] Criaria D:\projetos-inovexa\mindscan\export_v4\pdf\__init__.py
[2025-12-12 11:36:26] [DRY-RUN] Criaria D:\projetos-inovexa\mindscan\export_v4\profiles\__init__.py
[2025-12-12 11:36:26] [DRY-RUN] Criaria D:\projetos-inovexa\mindscan\export_v4\routes\__init__.py
[2025-12-12 11:36:26] [DRY-RUN] Criaria D:\projetos-inovexa\mindscan\export_v4\styles\__init__.py
[2025-12-12 11:36:26] [DRY-RUN] Criaria D:\projetos-inovexa\mindscan\export_v4\utils\__init__.py
[2025-12-12 11:36:26] [DRY-RUN] Criaria D:\projetos-inovexa\mindscan\graphql_live\__init__.py
[2025-12-12 11:36:26] [DRY-RUN] Criaria D:\projetos-inovexa\mindscan\graphql_live\bridge\__init__.py
[2025-12-12 11:36:26] [DRY-RUN] Criaria D:\projetos-inovexa\mindscan\graphql_live\engine\__init__.py
[2025-12-12 11:36:26] [DRY-RUN] Criaria D:\projetos-inovexa\mindscan\graphql_live\feeds\__init__.py
[2025-12-12 11:36:26] [DRY-RUN] Criaria D:\projetos-inovexa\mindscan\graphql_live\finalizers\__init__.py
[2025-12-12 11:36:26] [DRY-RUN] Criaria D:\projetos-inovexa\mindscan\graphql_live\orchestrators\__init__.py
[2025-12-12 11:36:26] [DRY-RUN] Criaria D:\projetos-inovexa\mindscan\graphql_live\subscriptions\__init__.py
[2025-12-12 11:36:26] [DRY-RUN] Criaria D:\projetos-inovexa\mindscan\logging\__init__.py
[2025-12-12 11:36:26] [DRY-RUN] Criaria D:\projetos-inovexa\mindscan\maintenance\__init__.py
[2025-12-12 11:36:26] [DRY-RUN] Criaria D:\projetos-inovexa\mindscan\managers\__init__.py
[2025-12-12 11:36:26] [DRY-RUN] Criaria D:\projetos-inovexa\mindscan\mindgen\__init__.py
[2025-12-12 11:36:26] [DRY-RUN] Criaria D:\projetos-inovexa\mindscan\mindgen\analytics\__init__.py
[2025-12-12 11:36:26] [DRY-RUN] Criaria D:\projetos-inovexa\mindscan\mindgen\charts\__init__.py
[2025-12-12 11:36:26] [DRY-RUN] Criaria D:\projetos-inovexa\mindscan\mindgen\fusion\__init__.py
[2025-12-12 11:36:26] [DRY-RUN] Criaria D:\projetos-inovexa\mindscan\mindgen\orchestrators\__init__.py
[2025-12-12 11:36:26] [DRY-RUN] Criaria D:\projetos-inovexa\mindscan\mindgen\panels\__init__.py
[2025-12-12 11:36:26] [DRY-RUN] Criaria D:\projetos-inovexa\mindscan\mindgen\reports\__init__.py
[2025-12-12 11:36:26] [DRY-RUN] Criaria D:\projetos-inovexa\mindscan\mindgen\routes\__init__.py
[2025-12-12 11:36:26] [DRY-RUN] Criaria D:\projetos-inovexa\mindscan\mindgen\ui\__init__.py
[2025-12-12 11:36:26] [DRY-RUN] Criaria D:\projetos-inovexa\mindscan\mindgen\visuals\__init__.py
[2025-12-12 11:36:26] [DRY-RUN] Criaria D:\projetos-inovexa\mindscan\mindgen\widgets\__init__.py
[2025-12-12 11:36:26] [DRY-RUN] Criaria D:\projetos-inovexa\mindscan\mindscan\admin\__init__.py
[2025-12-12 11:36:26] [DRY-RUN] Criaria D:\projetos-inovexa\mindscan\mindscan\analytics\__init__.py
[2025-12-12 11:36:26] [DRY-RUN] Criaria D:\projetos-inovexa\mindscan\mindscan\audios\__init__.py
[2025-12-12 11:36:26] [DRY-RUN] Criaria D:\projetos-inovexa\mindscan\mindscan\auth\__init__.py
[2025-12-12 11:36:26] [DRY-RUN] Criaria D:\projetos-inovexa\mindscan\mindscan\backend\__init__.py
[2025-12-12 11:36:26] [DRY-RUN] Criaria D:\projetos-inovexa\mindscan\mindscan\backend\algorithms\__init__.py
[2025-12-12 11:36:26] [DRY-RUN] Criaria D:\projetos-inovexa\mindscan\mindscan\backend\algorithms\big5\__init__.py
[2025-12-12 11:36:26] [DRY-RUN] Criaria D:\projetos-inovexa\mindscan\mindscan\backend\algorithms\bussola\__init__.py
[2025-12-12 11:36:26] [DRY-RUN] Criaria D:\projetos-inovexa\mindscan\mindscan\backend\algorithms\core\__init__.py
[2025-12-12 11:36:26] [DRY-RUN] Criaria D:\projetos-inovexa\mindscan\mindscan\backend\algorithms\cruzamentos\__init__.py
[2025-12-12 11:36:26] [DRY-RUN] Criaria D:\projetos-inovexa\mindscan\mindscan\backend\algorithms\dass\__init__.py
[2025-12-12 11:36:26] [DRY-RUN] Criaria D:\projetos-inovexa\mindscan\mindscan\backend\algorithms\dass21\__init__.py
[2025-12-12 11:36:26] [DRY-RUN] Criaria D:\projetos-inovexa\mindscan\mindscan\backend\algorithms\esquemas\__init__.py
[2025-12-12 11:36:26] [DRY-RUN] Criaria D:\projetos-inovexa\mindscan\mindscan\backend\algorithms\matcher\__init__.py
[2025-12-12 11:36:26] [DRY-RUN] Criaria D:\projetos-inovexa\mindscan\mindscan\backend\algorithms\ocai\__init__.py
[2025-12-12 11:36:26] [DRY-RUN] Criaria D:\projetos-inovexa\mindscan\mindscan\backend\algorithms\performance\__init__.py
[2025-12-12 11:36:26] [DRY-RUN] Criaria D:\projetos-inovexa\mindscan\mindscan\backend\algorithms\teique\__init__.py
[2025-12-12 11:36:26] [DRY-RUN] Criaria D:\projetos-inovexa\mindscan\mindscan\backend\analytics\audit\__init__.py
[2025-12-12 11:36:26] [DRY-RUN] Criaria D:\projetos-inovexa\mindscan\mindscan\backend\analytics\metrics\__init__.py
[2025-12-12 11:36:26] [DRY-RUN] Criaria D:\projetos-inovexa\mindscan\mindscan\backend\analytics\monitoring\__init__.py
[2025-12-12 11:36:26] [DRY-RUN] Criaria D:\projetos-inovexa\mindscan\mindscan\backend\api\__init__.py
[2025-12-12 11:36:26] [DRY-RUN] Criaria D:\projetos-inovexa\mindscan\mindscan\backend\api\compat\__init__.py
[2025-12-12 11:36:26] [DRY-RUN] Criaria D:\projetos-inovexa\mindscan\mindscan\backend\api\controllers\__init__.py
[2025-12-12 11:36:26] [DRY-RUN] Criaria D:\projetos-inovexa\mindscan\mindscan\backend\api\middleware\__init__.py
[2025-12-12 11:36:26] [DRY-RUN] Criaria D:\projetos-inovexa\mindscan\mindscan\backend\api\routes\__init__.py
[2025-12-12 11:36:26] [DRY-RUN] Criaria D:\projetos-inovexa\mindscan\mindscan\backend\api\schemas\__init__.py
[2025-12-12 11:36:26] [DRY-RUN] Criaria D:\projetos-inovexa\mindscan\mindscan\backend\api\services\__init__.py
[2025-12-12 11:36:26] [DRY-RUN] Criaria D:\projetos-inovexa\mindscan\mindscan\backend\api\utils\__init__.py
[2025-12-12 11:36:26] [DRY-RUN] Criaria D:\projetos-inovexa\mindscan\mindscan\backend\api\validators\__init__.py
[2025-12-12 11:36:26] [DRY-RUN] Criaria D:\projetos-inovexa\mindscan\mindscan\backend\core\__init__.py
[2025-12-12 11:36:26] [DRY-RUN] Criaria D:\projetos-inovexa\mindscan\mindscan\backend\core\compliance\__init__.py
[2025-12-12 11:36:26] [DRY-RUN] Criaria D:\projetos-inovexa\mindscan\mindscan\backend\core\diagnostic\__init__.py
[2025-12-12 11:36:26] [DRY-RUN] Criaria D:\projetos-inovexa\mindscan\mindscan\backend\core\interpretation\__init__.py
[2025-12-12 11:36:26] [DRY-RUN] Criaria D:\projetos-inovexa\mindscan\mindscan\backend\core\normalization\__init__.py
[2025-12-12 11:36:26] [DRY-RUN] Criaria D:\projetos-inovexa\mindscan\mindscan\backend\core\orchestrator\__init__.py
[2025-12-12 11:36:26] [DRY-RUN] Criaria D:\projetos-inovexa\mindscan\mindscan\backend\integrations\events\__init__.py
[2025-12-12 11:36:26] [DRY-RUN] Criaria D:\projetos-inovexa\mindscan\mindscan\backend\integrations\webhooks\__init__.py
[2025-12-12 11:36:26] [DRY-RUN] Criaria D:\projetos-inovexa\mindscan\mindscan\backend\integrations\whatsapp\__init__.py
[2025-12-12 11:36:26] [DRY-RUN] Criaria D:\projetos-inovexa\mindscan\mindscan\backend\mi\__init__.py
[2025-12-12 11:36:26] [DRY-RUN] Criaria D:\projetos-inovexa\mindscan\mindscan\backend\mi\compliance\__init__.py
[2025-12-12 11:36:26] [DRY-RUN] Criaria D:\projetos-inovexa\mindscan\mindscan\backend\mi\generative\__init__.py
[2025-12-12 11:36:26] [DRY-RUN] Criaria D:\projetos-inovexa\mindscan\mindscan\backend\mi\persona\__init__.py
[2025-12-12 11:36:26] [DRY-RUN] Criaria D:\projetos-inovexa\mindscan\mindscan\backend\middleware\__init__.py
[2025-12-12 11:36:26] [DRY-RUN] Criaria D:\projetos-inovexa\mindscan\mindscan\backend\models\__init__.py
[2025-12-12 11:36:26] [DRY-RUN] Criaria D:\projetos-inovexa\mindscan\mindscan\backend\models\inputs\__init__.py
[2025-12-12 11:36:26] [DRY-RUN] Criaria D:\projetos-inovexa\mindscan\mindscan\backend\models\outputs\__init__.py
[2025-12-12 11:36:26] [DRY-RUN] Criaria D:\projetos-inovexa\mindscan\mindscan\backend\models\scoring\__init__.py
[2025-12-12 11:36:26] [DRY-RUN] Criaria D:\projetos-inovexa\mindscan\mindscan\backend\pipelines\__init__.py
[2025-12-12 11:36:26] [DRY-RUN] Criaria D:\projetos-inovexa\mindscan\mindscan\backend\providers\__init__.py
[2025-12-12 11:36:26] [DRY-RUN] Criaria D:\projetos-inovexa\mindscan\mindscan\backend\reports\__init__.py
[2025-12-12 11:36:26] [DRY-RUN] Criaria D:\projetos-inovexa\mindscan\mindscan\backend\routers\__init__.py
[2025-12-12 11:36:26] [DRY-RUN] Criaria D:\projetos-inovexa\mindscan\mindscan\backend\services\adapters\__init__.py
[2025-12-12 11:36:26] [DRY-RUN] Criaria D:\projetos-inovexa\mindscan\mindscan\backend\services\builders\__init__.py
[2025-12-12 11:36:26] [DRY-RUN] Criaria D:\projetos-inovexa\mindscan\mindscan\backend\services\design\__init__.py
[2025-12-12 11:36:26] [DRY-RUN] Criaria D:\projetos-inovexa\mindscan\mindscan\backend\services\engines\__init__.py
[2025-12-12 11:36:26] [DRY-RUN] Criaria D:\projetos-inovexa\mindscan\mindscan\backend\services\helpers\__init__.py
[2025-12-12 11:36:26] [DRY-RUN] Criaria D:\projetos-inovexa\mindscan\mindscan\backend\services\infrastructure\__init__.py
[2025-12-12 11:36:26] [DRY-RUN] Criaria D:\projetos-inovexa\mindscan\mindscan\backend\services\mi\__init__.py
[2025-12-12 11:36:26] [DRY-RUN] Criaria D:\projetos-inovexa\mindscan\mindscan\backend\services\orchestrators\__init__.py
[2025-12-12 11:36:26] [DRY-RUN] Criaria D:\projetos-inovexa\mindscan\mindscan\backend\services\pdf\__init__.py
[2025-12-12 11:36:26] [DRY-RUN] Criaria D:\projetos-inovexa\mindscan\mindscan\backend\services\pdf\engine\__init__.py
[2025-12-12 11:36:26] [DRY-RUN] Criaria D:\projetos-inovexa\mindscan\mindscan\backend\services\pdf\pdf_sections\__init__.py
[2025-12-12 11:36:26] [DRY-RUN] Criaria D:\projetos-inovexa\mindscan\mindscan\backend\services\pdf\renderers\__init__.py
[2025-12-12 11:36:26] [DRY-RUN] Criaria D:\projetos-inovexa\mindscan\mindscan\backend\services\pdf\report_templates\__init__.py
[2025-12-12 11:36:26] [DRY-RUN] Criaria D:\projetos-inovexa\mindscan\mindscan\backend\services\pdf\telemetry\__init__.py
[2025-12-12 11:36:26] [DRY-RUN] Criaria D:\projetos-inovexa\mindscan\mindscan\backend\services\pdf\templates\__init__.py
[2025-12-12 11:36:26] [DRY-RUN] Criaria D:\projetos-inovexa\mindscan\mindscan\backend\services\pdf\validators\__init__.py
[2025-12-12 11:36:26] [DRY-RUN] Criaria D:\projetos-inovexa\mindscan\mindscan\backend\services\pdf_tools\__init__.py
[2025-12-12 11:36:26] [DRY-RUN] Criaria D:\projetos-inovexa\mindscan\mindscan\backend\services\post_processors\__init__.py
[2025-12-12 11:36:26] [DRY-RUN] Criaria D:\projetos-inovexa\mindscan\mindscan\backend\services\report\assembler\__init__.py
[2025-12-12 11:36:26] [DRY-RUN] Criaria D:\projetos-inovexa\mindscan\mindscan\backend\services\report\assets\charts\__init__.py
[2025-12-12 11:36:26] [DRY-RUN] Criaria D:\projetos-inovexa\mindscan\mindscan\backend\services\report\assets\covers\__init__.py
[2025-12-12 11:36:26] [DRY-RUN] Criaria D:\projetos-inovexa\mindscan\mindscan\backend\services\report\assets\styles\__init__.py
[2025-12-12 11:36:26] [DRY-RUN] Criaria D:\projetos-inovexa\mindscan\mindscan\backend\services\report\builders\__init__.py
[2025-12-12 11:36:26] [DRY-RUN] Criaria D:\projetos-inovexa\mindscan\mindscan\backend\services\report\enhancers\__init__.py
[2025-12-12 11:36:26] [DRY-RUN] Criaria D:\projetos-inovexa\mindscan\mindscan\backend\services\report\pdf\__init__.py
[2025-12-12 11:36:26] [DRY-RUN] Criaria D:\projetos-inovexa\mindscan\mindscan\backend\services\report\renderers\__init__.py
[2025-12-12 11:36:26] [DRY-RUN] Criaria D:\projetos-inovexa\mindscan\mindscan\backend\services\report_templates\__init__.py
[2025-12-12 11:36:26] [DRY-RUN] Criaria D:\projetos-inovexa\mindscan\mindscan\backend\storage\__init__.py
[2025-12-12 11:36:26] [DRY-RUN] Criaria D:\projetos-inovexa\mindscan\mindscan\backend\tests\__init__.py
[2025-12-12 11:36:26] [DRY-RUN] Criaria D:\projetos-inovexa\mindscan\mindscan\backend\utils\__init__.py
[2025-12-12 11:36:27] [DRY-RUN] Criaria D:\projetos-inovexa\mindscan\mindscan\backend\workers\__init__.py
[2025-12-12 11:36:27] [DRY-RUN] Criaria D:\projetos-inovexa\mindscan\mindscan\coaching_v4\analysis\__init__.py
[2025-12-12 11:36:27] [DRY-RUN] Criaria D:\projetos-inovexa\mindscan\mindscan\coaching_v4\builder\__init__.py
[2025-12-12 11:36:27] [DRY-RUN] Criaria D:\projetos-inovexa\mindscan\mindscan\coaching_v4\engine\__init__.py
[2025-12-12 11:36:27] [DRY-RUN] Criaria D:\projetos-inovexa\mindscan\mindscan\coaching_v4\finalizers\__init__.py
[2025-12-12 11:36:27] [DRY-RUN] Criaria D:\projetos-inovexa\mindscan\mindscan\coaching_v4\manager\__init__.py
[2025-12-12 11:36:27] [DRY-RUN] Criaria D:\projetos-inovexa\mindscan\mindscan\coaching_v4\orchestrators\__init__.py
[2025-12-12 11:36:27] [DRY-RUN] Criaria D:\projetos-inovexa\mindscan\mindscan\coaching_v4\ranking\__init__.py
[2025-12-12 11:36:27] [DRY-RUN] Criaria D:\projetos-inovexa\mindscan\mindscan\coaching_v4\routes\__init__.py
[2025-12-12 11:36:27] [DRY-RUN] Criaria D:\projetos-inovexa\mindscan\mindscan\coaching_v4\ui\__init__.py
[2025-12-12 11:36:27] [DRY-RUN] Criaria D:\projetos-inovexa\mindscan\mindscan\core\algorithms\__init__.py
[2025-12-12 11:36:27] [DRY-RUN] Criaria D:\projetos-inovexa\mindscan\mindscan\core\diagnostics\__init__.py
[2025-12-12 11:36:27] [DRY-RUN] Criaria D:\projetos-inovexa\mindscan\mindscan\core\engine\__init__.py
[2025-12-12 11:36:27] [DRY-RUN] Criaria D:\projetos-inovexa\mindscan\mindscan\core\metrics\__init__.py
[2025-12-12 11:36:27] [DRY-RUN] Criaria D:\projetos-inovexa\mindscan\mindscan\core\profiles\__init__.py
[2025-12-12 11:36:27] [DRY-RUN] Criaria D:\projetos-inovexa\mindscan\mindscan\core\reporting\__init__.py
[2025-12-12 11:36:27] [DRY-RUN] Criaria D:\projetos-inovexa\mindscan\mindscan\core\scoring\__init__.py
[2025-12-12 11:36:27] [DRY-RUN] Criaria D:\projetos-inovexa\mindscan\mindscan\export_v4\__init__.py
[2025-12-12 11:36:27] [DRY-RUN] Criaria D:\projetos-inovexa\mindscan\mindscan\export_v4\analysis\__init__.py
[2025-12-12 11:36:27] [DRY-RUN] Criaria D:\projetos-inovexa\mindscan\mindscan\export_v4\assets\__init__.py
[2025-12-12 11:36:27] [DRY-RUN] Criaria D:\projetos-inovexa\mindscan\mindscan\export_v4\builder\__init__.py
[2025-12-12 11:36:27] [DRY-RUN] Criaria D:\projetos-inovexa\mindscan\mindscan\export_v4\docx\__init__.py
[2025-12-12 11:36:27] [DRY-RUN] Criaria D:\projetos-inovexa\mindscan\mindscan\export_v4\finalizers\__init__.py
[2025-12-12 11:36:27] [DRY-RUN] Criaria D:\projetos-inovexa\mindscan\mindscan\export_v4\fusion\__init__.py
[2025-12-12 11:36:27] [DRY-RUN] Criaria D:\projetos-inovexa\mindscan\mindscan\export_v4\html\__init__.py
[2025-12-12 11:36:27] [DRY-RUN] Criaria D:\projetos-inovexa\mindscan\mindscan\export_v4\layout\__init__.py
[2025-12-12 11:36:27] [DRY-RUN] Criaria D:\projetos-inovexa\mindscan\mindscan\export_v4\meta\__init__.py
[2025-12-12 11:36:27] [DRY-RUN] Criaria D:\projetos-inovexa\mindscan\mindscan\export_v4\packager\__init__.py
[2025-12-12 11:36:27] [DRY-RUN] Criaria D:\projetos-inovexa\mindscan\mindscan\export_v4\pdf\__init__.py
[2025-12-12 11:36:27] [DRY-RUN] Criaria D:\projetos-inovexa\mindscan\mindscan\export_v4\profiles\__init__.py
[2025-12-12 11:36:27] [DRY-RUN] Criaria D:\projetos-inovexa\mindscan\mindscan\export_v4\routes\__init__.py
[2025-12-12 11:36:27] [DRY-RUN] Criaria D:\projetos-inovexa\mindscan\mindscan\export_v4\styles\__init__.py
[2025-12-12 11:36:27] [DRY-RUN] Criaria D:\projetos-inovexa\mindscan\mindscan\export_v4\utils\__init__.py
[2025-12-12 11:36:27] [DRY-RUN] Criaria D:\projetos-inovexa\mindscan\mindscan\graphql_live\__init__.py
[2025-12-12 11:36:27] [DRY-RUN] Criaria D:\projetos-inovexa\mindscan\mindscan\graphql_live\bridge\__init__.py
[2025-12-12 11:36:27] [DRY-RUN] Criaria D:\projetos-inovexa\mindscan\mindscan\graphql_live\engine\__init__.py
[2025-12-12 11:36:27] [DRY-RUN] Criaria D:\projetos-inovexa\mindscan\mindscan\graphql_live\feeds\__init__.py
[2025-12-12 11:36:27] [DRY-RUN] Criaria D:\projetos-inovexa\mindscan\mindscan\graphql_live\finalizers\__init__.py
[2025-12-12 11:36:27] [DRY-RUN] Criaria D:\projetos-inovexa\mindscan\mindscan\graphql_live\orchestrators\__init__.py
[2025-12-12 11:36:27] [DRY-RUN] Criaria D:\projetos-inovexa\mindscan\mindscan\graphql_live\subscriptions\__init__.py
[2025-12-12 11:36:27] [DRY-RUN] Criaria D:\projetos-inovexa\mindscan\mindscan\logging\__init__.py
[2025-12-12 11:36:27] [DRY-RUN] Criaria D:\projetos-inovexa\mindscan\mindscan\maintenance\__init__.py
[2025-12-12 11:36:27] [DRY-RUN] Criaria D:\projetos-inovexa\mindscan\mindscan\managers\__init__.py
[2025-12-12 11:36:27] [DRY-RUN] Criaria D:\projetos-inovexa\mindscan\mindscan\mindgen\__init__.py
[2025-12-12 11:36:27] [DRY-RUN] Criaria D:\projetos-inovexa\mindscan\mindscan\mindgen\analytics\__init__.py
[2025-12-12 11:36:27] [DRY-RUN] Criaria D:\projetos-inovexa\mindscan\mindscan\mindgen\charts\__init__.py
[2025-12-12 11:36:27] [DRY-RUN] Criaria D:\projetos-inovexa\mindscan\mindscan\mindgen\fusion\__init__.py
[2025-12-12 11:36:27] [DRY-RUN] Criaria D:\projetos-inovexa\mindscan\mindscan\mindgen\orchestrators\__init__.py
[2025-12-12 11:36:27] [DRY-RUN] Criaria D:\projetos-inovexa\mindscan\mindscan\mindgen\panels\__init__.py
[2025-12-12 11:36:27] [DRY-RUN] Criaria D:\projetos-inovexa\mindscan\mindscan\mindgen\reports\__init__.py
[2025-12-12 11:36:27] [DRY-RUN] Criaria D:\projetos-inovexa\mindscan\mindscan\mindgen\routes\__init__.py
[2025-12-12 11:36:27] [DRY-RUN] Criaria D:\projetos-inovexa\mindscan\mindscan\mindgen\ui\__init__.py
[2025-12-12 11:36:27] [DRY-RUN] Criaria D:\projetos-inovexa\mindscan\mindscan\mindgen\visuals\__init__.py
[2025-12-12 11:36:27] [DRY-RUN] Criaria D:\projetos-inovexa\mindscan\mindscan\mindgen\widgets\__init__.py
[2025-12-12 11:36:27] [DRY-RUN] Criaria D:\projetos-inovexa\mindscan\mindscan\mindscan_cli\__init__.py
[2025-12-12 11:36:27] [DRY-RUN] Criaria D:\projetos-inovexa\mindscan\mindscan\mindscan_examples\__init__.py
[2025-12-12 11:36:27] [DRY-RUN] Criaria D:\projetos-inovexa\mindscan\mindscan\modules\__init__.py
[2025-12-12 11:36:27] [DRY-RUN] Criaria D:\projetos-inovexa\mindscan\mindscan\pdf_engine\core\__init__.py
[2025-12-12 11:36:27] [DRY-RUN] Criaria D:\projetos-inovexa\mindscan\mindscan\pdf_engine\sections\__init__.py
[2025-12-12 11:36:27] [DRY-RUN] Criaria D:\projetos-inovexa\mindscan\mindscan\tests\__init__.py
[2025-12-12 11:36:27] [DRY-RUN] Criaria D:\projetos-inovexa\mindscan\mindscan\tests\async\__init__.py
[2025-12-12 11:36:27] [DRY-RUN] Criaria D:\projetos-inovexa\mindscan\mindscan\tools\__init__.py
[2025-12-12 11:36:27] [DRY-RUN] Criaria D:\projetos-inovexa\mindscan\mindscan\web\__init__.py
[2025-12-12 11:36:27] [DRY-RUN] Criaria D:\projetos-inovexa\mindscan\mindscan\web\assets\__init__.py
[2025-12-12 11:36:27] [DRY-RUN] Criaria D:\projetos-inovexa\mindscan\mindscan\web\finalizers\__init__.py
[2025-12-12 11:36:27] [DRY-RUN] Criaria D:\projetos-inovexa\mindscan\mindscan\web\graphql\__init__.py
[2025-12-12 11:36:27] [DRY-RUN] Criaria D:\projetos-inovexa\mindscan\mindscan\web\middleware\__init__.py
[2025-12-12 11:36:27] [DRY-RUN] Criaria D:\projetos-inovexa\mindscan\mindscan\web\orchestrators\__init__.py
[2025-12-12 11:36:27] [DRY-RUN] Criaria D:\projetos-inovexa\mindscan\mindscan\web\reports\__init__.py
[2025-12-12 11:36:27] [DRY-RUN] Criaria D:\projetos-inovexa\mindscan\mindscan\web\routes\__init__.py
[2025-12-12 11:36:27] [DRY-RUN] Criaria D:\projetos-inovexa\mindscan\mindscan\web\security\__init__.py
[2025-12-12 11:36:27] [DRY-RUN] Criaria D:\projetos-inovexa\mindscan\mindscan\web\services\__init__.py
[2025-12-12 11:36:27] [DRY-RUN] Criaria D:\projetos-inovexa\mindscan\mindscan\web\services\providers\__init__.py
[2025-12-12 11:36:27] [DRY-RUN] Criaria D:\projetos-inovexa\mindscan\mindscan\web\state\__init__.py
[2025-12-12 11:36:27] [DRY-RUN] Criaria D:\projetos-inovexa\mindscan\mindscan\web\ui\__init__.py
[2025-12-12 11:36:27] [DRY-RUN] Criaria D:\projetos-inovexa\mindscan\mindscan\web\ui\icons\__init__.py
[2025-12-12 11:36:27] [DRY-RUN] Criaria D:\projetos-inovexa\mindscan\mindscan\web\ui\org\__init__.py
[2025-12-12 11:36:27] [DRY-RUN] Criaria D:\projetos-inovexa\mindscan\mindscan\web\ui\styles\__init__.py
[2025-12-12 11:36:27] [DRY-RUN] Criaria D:\projetos-inovexa\mindscan\mindscan\web\ui\team\__init__.py
[2025-12-12 11:36:27] [DRY-RUN] Criaria D:\projetos-inovexa\mindscan\mindscan\web\ui\themes\__init__.py
[2025-12-12 11:36:27] [DRY-RUN] Criaria D:\projetos-inovexa\mindscan\mindscan\web\ui\widgets\__init__.py
[2025-12-12 11:36:27] [DRY-RUN] Criaria D:\projetos-inovexa\mindscan\mindscan\web\utils\__init__.py
[2025-12-12 11:36:27] [DRY-RUN] Criaria D:\projetos-inovexa\mindscan\mindscan\web\websocket\__init__.py
[2025-12-12 11:36:27] [DRY-RUN] Criaria D:\projetos-inovexa\mindscan\mindscan_cli\__init__.py
[2025-12-12 11:36:27] [DRY-RUN] Criaria D:\projetos-inovexa\mindscan\mindscan_examples\__init__.py
[2025-12-12 11:36:27] [DRY-RUN] Criaria D:\projetos-inovexa\mindscan\modules\__init__.py
[2025-12-12 11:36:27] [DRY-RUN] Criaria D:\projetos-inovexa\mindscan\pdf_engine\core\__init__.py
[2025-12-12 11:36:27] [DRY-RUN] Criaria D:\projetos-inovexa\mindscan\pdf_engine\sections\__init__.py
[2025-12-12 11:36:27] [DRY-RUN] Criaria D:\projetos-inovexa\mindscan\tests\__init__.py
[2025-12-12 11:36:27] [DRY-RUN] Criaria D:\projetos-inovexa\mindscan\tests\async\__init__.py
[2025-12-12 11:36:27] [DRY-RUN] Criaria D:\projetos-inovexa\mindscan\tools\__init__.py
[2025-12-12 11:36:27] [DRY-RUN] Criaria D:\projetos-inovexa\mindscan\web\__init__.py
[2025-12-12 11:36:27] [DRY-RUN] Criaria D:\projetos-inovexa\mindscan\web\assets\__init__.py
[2025-12-12 11:36:27] [DRY-RUN] Criaria D:\projetos-inovexa\mindscan\web\finalizers\__init__.py
[2025-12-12 11:36:27] [DRY-RUN] Criaria D:\projetos-inovexa\mindscan\web\graphql\__init__.py
[2025-12-12 11:36:27] [DRY-RUN] Criaria D:\projetos-inovexa\mindscan\web\middleware\__init__.py
[2025-12-12 11:36:27] [DRY-RUN] Criaria D:\projetos-inovexa\mindscan\web\orchestrators\__init__.py
[2025-12-12 11:36:27] [DRY-RUN] Criaria D:\projetos-inovexa\mindscan\web\reports\__init__.py
[2025-12-12 11:36:27] [DRY-RUN] Criaria D:\projetos-inovexa\mindscan\web\routes\__init__.py
[2025-12-12 11:36:27] [DRY-RUN] Criaria D:\projetos-inovexa\mindscan\web\security\__init__.py
[2025-12-12 11:36:27] [DRY-RUN] Criaria D:\projetos-inovexa\mindscan\web\services\__init__.py
[2025-12-12 11:36:27] [DRY-RUN] Criaria D:\projetos-inovexa\mindscan\web\services\providers\__init__.py
[2025-12-12 11:36:27] [DRY-RUN] Criaria D:\projetos-inovexa\mindscan\web\state\__init__.py
[2025-12-12 11:36:27] [DRY-RUN] Criaria D:\projetos-inovexa\mindscan\web\ui\__init__.py
[2025-12-12 11:36:27] [DRY-RUN] Criaria D:\projetos-inovexa\mindscan\web\ui\icons\__init__.py
[2025-12-12 11:36:27] [DRY-RUN] Criaria D:\projetos-inovexa\mindscan\web\ui\org\__init__.py
[2025-12-12 11:36:27] [DRY-RUN] Criaria D:\projetos-inovexa\mindscan\web\ui\styles\__init__.py
[2025-12-12 11:36:27] [DRY-RUN] Criaria D:\projetos-inovexa\mindscan\web\ui\team\__init__.py
[2025-12-12 11:36:27] [DRY-RUN] Criaria D:\projetos-inovexa\mindscan\web\ui\themes\__init__.py
[2025-12-12 11:36:27] [DRY-RUN] Criaria D:\projetos-inovexa\mindscan\web\ui\widgets\__init__.py
[2025-12-12 11:36:27] [DRY-RUN] Criaria D:\projetos-inovexa\mindscan\web\utils\__init__.py
[2025-12-12 11:36:27] [DRY-RUN] Criaria D:\projetos-inovexa\mindscan\web\websocket\__init__.py
[2025-12-12 11:36:27] ======================================================================
[2025-12-12 11:36:27] Pastas analisadas : 454
[2025-12-12 11:36:27] __init__.py novos : 326
[2025-12-12 11:36:27] Execução concluída com sucesso.
[2025-12-12 11:36:27] ======================================================================
[2025-12-12 11:37:26] ======================================================================
[2025-12-12 11:37:26] MindScan / Inovexa — Geração automática de __init__.py
[2025-12-12 11:37:26] Raiz do projeto : D:\projetos-inovexa\mindscan
[2025-12-12 11:37:26] Modo dry-run    : NÃO
[2025-12-12 11:37:26] ======================================================================
[2025-12-12 11:37:26] [CRIADO] D:\projetos-inovexa\mindscan\admin\__init__.py
[2025-12-12 11:37:26] [CRIADO] D:\projetos-inovexa\mindscan\analytics\__init__.py
[2025-12-12 11:37:26] [CRIADO] D:\projetos-inovexa\mindscan\audios\__init__.py
[2025-12-12 11:37:26] [CRIADO] D:\projetos-inovexa\mindscan\auth\__init__.py
[2025-12-12 11:37:26] [CRIADO] D:\projetos-inovexa\mindscan\backend\algorithms\__init__.py
[2025-12-12 11:37:26] [CRIADO] D:\projetos-inovexa\mindscan\backend\algorithms\big5\__init__.py
[2025-12-12 11:37:26] [CRIADO] D:\projetos-inovexa\mindscan\backend\algorithms\bussola\__init__.py
[2025-12-12 11:37:26] [CRIADO] D:\projetos-inovexa\mindscan\backend\algorithms\core\__init__.py
[2025-12-12 11:37:26] [CRIADO] D:\projetos-inovexa\mindscan\backend\algorithms\cruzamentos\__init__.py
[2025-12-12 11:37:26] [CRIADO] D:\projetos-inovexa\mindscan\backend\algorithms\dass\__init__.py
[2025-12-12 11:37:26] [CRIADO] D:\projetos-inovexa\mindscan\backend\algorithms\dass21\__init__.py
[2025-12-12 11:37:26] [CRIADO] D:\projetos-inovexa\mindscan\backend\algorithms\esquemas\__init__.py
[2025-12-12 11:37:26] [CRIADO] D:\projetos-inovexa\mindscan\backend\algorithms\matcher\__init__.py
[2025-12-12 11:37:26] [CRIADO] D:\projetos-inovexa\mindscan\backend\algorithms\ocai\__init__.py
[2025-12-12 11:37:26] [CRIADO] D:\projetos-inovexa\mindscan\backend\algorithms\performance\__init__.py
[2025-12-12 11:37:26] [CRIADO] D:\projetos-inovexa\mindscan\backend\algorithms\teique\__init__.py
[2025-12-12 11:37:26] [CRIADO] D:\projetos-inovexa\mindscan\backend\analytics\audit\__init__.py
[2025-12-12 11:37:26] [CRIADO] D:\projetos-inovexa\mindscan\backend\analytics\metrics\__init__.py
[2025-12-12 11:37:26] [CRIADO] D:\projetos-inovexa\mindscan\backend\analytics\monitoring\__init__.py
[2025-12-12 11:37:26] [CRIADO] D:\projetos-inovexa\mindscan\backend\api\__init__.py
[2025-12-12 11:37:26] [CRIADO] D:\projetos-inovexa\mindscan\backend\api\compat\__init__.py
[2025-12-12 11:37:26] [CRIADO] D:\projetos-inovexa\mindscan\backend\api\controllers\__init__.py
[2025-12-12 11:37:26] [CRIADO] D:\projetos-inovexa\mindscan\backend\api\middleware\__init__.py
[2025-12-12 11:37:26] [CRIADO] D:\projetos-inovexa\mindscan\backend\api\routes\__init__.py
[2025-12-12 11:37:26] [CRIADO] D:\projetos-inovexa\mindscan\backend\api\schemas\__init__.py
[2025-12-12 11:37:26] [CRIADO] D:\projetos-inovexa\mindscan\backend\api\services\__init__.py
[2025-12-12 11:37:26] [CRIADO] D:\projetos-inovexa\mindscan\backend\api\utils\__init__.py
[2025-12-12 11:37:26] [CRIADO] D:\projetos-inovexa\mindscan\backend\api\validators\__init__.py
[2025-12-12 11:37:26] [CRIADO] D:\projetos-inovexa\mindscan\backend\core\__init__.py
[2025-12-12 11:37:26] [CRIADO] D:\projetos-inovexa\mindscan\backend\core\compliance\__init__.py
[2025-12-12 11:37:26] [CRIADO] D:\projetos-inovexa\mindscan\backend\core\diagnostic\__init__.py
[2025-12-12 11:37:26] [CRIADO] D:\projetos-inovexa\mindscan\backend\core\interpretation\__init__.py
[2025-12-12 11:37:26] [CRIADO] D:\projetos-inovexa\mindscan\backend\core\normalization\__init__.py
[2025-12-12 11:37:26] [CRIADO] D:\projetos-inovexa\mindscan\backend\core\orchestrator\__init__.py
[2025-12-12 11:37:26] [CRIADO] D:\projetos-inovexa\mindscan\backend\integrations\events\__init__.py
[2025-12-12 11:37:26] [CRIADO] D:\projetos-inovexa\mindscan\backend\integrations\webhooks\__init__.py
[2025-12-12 11:37:26] [CRIADO] D:\projetos-inovexa\mindscan\backend\integrations\whatsapp\__init__.py
[2025-12-12 11:37:26] [CRIADO] D:\projetos-inovexa\mindscan\backend\mi\__init__.py
[2025-12-12 11:37:26] [CRIADO] D:\projetos-inovexa\mindscan\backend\mi\compliance\__init__.py
[2025-12-12 11:37:26] [CRIADO] D:\projetos-inovexa\mindscan\backend\mi\generative\__init__.py
[2025-12-12 11:37:26] [CRIADO] D:\projetos-inovexa\mindscan\backend\mi\persona\__init__.py
[2025-12-12 11:37:26] [CRIADO] D:\projetos-inovexa\mindscan\backend\middleware\__init__.py
[2025-12-12 11:37:26] [CRIADO] D:\projetos-inovexa\mindscan\backend\models\__init__.py
[2025-12-12 11:37:26] [CRIADO] D:\projetos-inovexa\mindscan\backend\models\inputs\__init__.py
[2025-12-12 11:37:26] [CRIADO] D:\projetos-inovexa\mindscan\backend\models\outputs\__init__.py
[2025-12-12 11:37:26] [CRIADO] D:\projetos-inovexa\mindscan\backend\models\scoring\__init__.py
[2025-12-12 11:37:26] [CRIADO] D:\projetos-inovexa\mindscan\backend\pipelines\__init__.py
[2025-12-12 11:37:26] [CRIADO] D:\projetos-inovexa\mindscan\backend\providers\__init__.py
[2025-12-12 11:37:26] [CRIADO] D:\projetos-inovexa\mindscan\backend\reports\__init__.py
[2025-12-12 11:37:26] [CRIADO] D:\projetos-inovexa\mindscan\backend\services\adapters\__init__.py
[2025-12-12 11:37:26] [CRIADO] D:\projetos-inovexa\mindscan\backend\services\builders\__init__.py
[2025-12-12 11:37:26] [CRIADO] D:\projetos-inovexa\mindscan\backend\services\design\__init__.py
[2025-12-12 11:37:26] [CRIADO] D:\projetos-inovexa\mindscan\backend\services\engines\__init__.py
[2025-12-12 11:37:26] [CRIADO] D:\projetos-inovexa\mindscan\backend\services\helpers\__init__.py
[2025-12-12 11:37:26] [CRIADO] D:\projetos-inovexa\mindscan\backend\services\infrastructure\__init__.py
[2025-12-12 11:37:26] [CRIADO] D:\projetos-inovexa\mindscan\backend\services\mi\__init__.py
[2025-12-12 11:37:26] [CRIADO] D:\projetos-inovexa\mindscan\backend\services\orchestrators\__init__.py
[2025-12-12 11:37:26] [CRIADO] D:\projetos-inovexa\mindscan\backend\services\pdf\__init__.py
[2025-12-12 11:37:26] [CRIADO] D:\projetos-inovexa\mindscan\backend\services\pdf\engine\__init__.py
[2025-12-12 11:37:26] [CRIADO] D:\projetos-inovexa\mindscan\backend\services\pdf\pdf_sections\__init__.py
[2025-12-12 11:37:26] [CRIADO] D:\projetos-inovexa\mindscan\backend\services\pdf\renderers\__init__.py
[2025-12-12 11:37:26] [CRIADO] D:\projetos-inovexa\mindscan\backend\services\pdf\report_templates\__init__.py
[2025-12-12 11:37:26] [CRIADO] D:\projetos-inovexa\mindscan\backend\services\pdf\telemetry\__init__.py
[2025-12-12 11:37:26] [CRIADO] D:\projetos-inovexa\mindscan\backend\services\pdf\templates\__init__.py
[2025-12-12 11:37:26] [CRIADO] D:\projetos-inovexa\mindscan\backend\services\pdf\validators\__init__.py
[2025-12-12 11:37:26] [CRIADO] D:\projetos-inovexa\mindscan\backend\services\pdf_tools\__init__.py
[2025-12-12 11:37:26] [CRIADO] D:\projetos-inovexa\mindscan\backend\services\post_processors\__init__.py
[2025-12-12 11:37:26] [CRIADO] D:\projetos-inovexa\mindscan\backend\services\report\assembler\__init__.py
[2025-12-12 11:37:26] [CRIADO] D:\projetos-inovexa\mindscan\backend\services\report\assets\charts\__init__.py
[2025-12-12 11:37:26] [CRIADO] D:\projetos-inovexa\mindscan\backend\services\report\assets\covers\__init__.py
[2025-12-12 11:37:26] [CRIADO] D:\projetos-inovexa\mindscan\backend\services\report\assets\styles\__init__.py
[2025-12-12 11:37:26] [CRIADO] D:\projetos-inovexa\mindscan\backend\services\report\builders\__init__.py
[2025-12-12 11:37:26] [CRIADO] D:\projetos-inovexa\mindscan\backend\services\report\enhancers\__init__.py
[2025-12-12 11:37:26] [CRIADO] D:\projetos-inovexa\mindscan\backend\services\report\pdf\__init__.py
[2025-12-12 11:37:26] [CRIADO] D:\projetos-inovexa\mindscan\backend\services\report\renderers\__init__.py
[2025-12-12 11:37:26] [CRIADO] D:\projetos-inovexa\mindscan\backend\services\report_templates\__init__.py
[2025-12-12 11:37:26] [CRIADO] D:\projetos-inovexa\mindscan\backend\storage\__init__.py
[2025-12-12 11:37:26] [CRIADO] D:\projetos-inovexa\mindscan\backend\tests\__init__.py
[2025-12-12 11:37:26] [CRIADO] D:\projetos-inovexa\mindscan\backend\utils\__init__.py
[2025-12-12 11:37:27] [CRIADO] D:\projetos-inovexa\mindscan\backend\workers\__init__.py
[2025-12-12 11:37:27] [CRIADO] D:\projetos-inovexa\mindscan\coaching_v4\analysis\__init__.py
[2025-12-12 11:37:27] [CRIADO] D:\projetos-inovexa\mindscan\coaching_v4\builder\__init__.py
[2025-12-12 11:37:27] [CRIADO] D:\projetos-inovexa\mindscan\coaching_v4\engine\__init__.py
[2025-12-12 11:37:27] [CRIADO] D:\projetos-inovexa\mindscan\coaching_v4\finalizers\__init__.py
[2025-12-12 11:37:27] [CRIADO] D:\projetos-inovexa\mindscan\coaching_v4\manager\__init__.py
[2025-12-12 11:37:27] [CRIADO] D:\projetos-inovexa\mindscan\coaching_v4\orchestrators\__init__.py
[2025-12-12 11:37:27] [CRIADO] D:\projetos-inovexa\mindscan\coaching_v4\ranking\__init__.py
[2025-12-12 11:37:27] [CRIADO] D:\projetos-inovexa\mindscan\coaching_v4\routes\__init__.py
[2025-12-12 11:37:27] [CRIADO] D:\projetos-inovexa\mindscan\coaching_v4\ui\__init__.py
[2025-12-12 11:37:27] [CRIADO] D:\projetos-inovexa\mindscan\core\algorithms\__init__.py
[2025-12-12 11:37:27] [CRIADO] D:\projetos-inovexa\mindscan\core\diagnostics\__init__.py
[2025-12-12 11:37:27] [CRIADO] D:\projetos-inovexa\mindscan\core\engine\__init__.py
[2025-12-12 11:37:27] [CRIADO] D:\projetos-inovexa\mindscan\core\metrics\__init__.py
[2025-12-12 11:37:27] [CRIADO] D:\projetos-inovexa\mindscan\core\profiles\__init__.py
[2025-12-12 11:37:27] [CRIADO] D:\projetos-inovexa\mindscan\core\reporting\__init__.py
[2025-12-12 11:37:27] [CRIADO] D:\projetos-inovexa\mindscan\core\scoring\__init__.py
[2025-12-12 11:37:27] [CRIADO] D:\projetos-inovexa\mindscan\export_v4\__init__.py
[2025-12-12 11:37:27] [CRIADO] D:\projetos-inovexa\mindscan\export_v4\analysis\__init__.py
[2025-12-12 11:37:27] [CRIADO] D:\projetos-inovexa\mindscan\export_v4\assets\__init__.py
[2025-12-12 11:37:27] [CRIADO] D:\projetos-inovexa\mindscan\export_v4\builder\__init__.py
[2025-12-12 11:37:27] [CRIADO] D:\projetos-inovexa\mindscan\export_v4\docx\__init__.py
[2025-12-12 11:37:27] [CRIADO] D:\projetos-inovexa\mindscan\export_v4\finalizers\__init__.py
[2025-12-12 11:37:27] [CRIADO] D:\projetos-inovexa\mindscan\export_v4\fusion\__init__.py
[2025-12-12 11:37:27] [CRIADO] D:\projetos-inovexa\mindscan\export_v4\html\__init__.py
[2025-12-12 11:37:27] [CRIADO] D:\projetos-inovexa\mindscan\export_v4\layout\__init__.py
[2025-12-12 11:37:27] [CRIADO] D:\projetos-inovexa\mindscan\export_v4\meta\__init__.py
[2025-12-12 11:37:27] [CRIADO] D:\projetos-inovexa\mindscan\export_v4\packager\__init__.py
[2025-12-12 11:37:27] [CRIADO] D:\projetos-inovexa\mindscan\export_v4\pdf\__init__.py
[2025-12-12 11:37:27] [CRIADO] D:\projetos-inovexa\mindscan\export_v4\profiles\__init__.py
[2025-12-12 11:37:27] [CRIADO] D:\projetos-inovexa\mindscan\export_v4\routes\__init__.py
[2025-12-12 11:37:27] [CRIADO] D:\projetos-inovexa\mindscan\export_v4\styles\__init__.py
[2025-12-12 11:37:27] [CRIADO] D:\projetos-inovexa\mindscan\export_v4\utils\__init__.py
[2025-12-12 11:37:27] [CRIADO] D:\projetos-inovexa\mindscan\graphql_live\__init__.py
[2025-12-12 11:37:27] [CRIADO] D:\projetos-inovexa\mindscan\graphql_live\bridge\__init__.py
[2025-12-12 11:37:27] [CRIADO] D:\projetos-inovexa\mindscan\graphql_live\engine\__init__.py
[2025-12-12 11:37:27] [CRIADO] D:\projetos-inovexa\mindscan\graphql_live\feeds\__init__.py
[2025-12-12 11:37:27] [CRIADO] D:\projetos-inovexa\mindscan\graphql_live\finalizers\__init__.py
[2025-12-12 11:37:27] [CRIADO] D:\projetos-inovexa\mindscan\graphql_live\orchestrators\__init__.py
[2025-12-12 11:37:27] [CRIADO] D:\projetos-inovexa\mindscan\graphql_live\subscriptions\__init__.py
[2025-12-12 11:37:27] [CRIADO] D:\projetos-inovexa\mindscan\logging\__init__.py
[2025-12-12 11:37:27] [CRIADO] D:\projetos-inovexa\mindscan\maintenance\__init__.py
[2025-12-12 11:37:27] [CRIADO] D:\projetos-inovexa\mindscan\managers\__init__.py
[2025-12-12 11:37:27] [CRIADO] D:\projetos-inovexa\mindscan\mindgen\__init__.py
[2025-12-12 11:37:27] [CRIADO] D:\projetos-inovexa\mindscan\mindgen\analytics\__init__.py
[2025-12-12 11:37:27] [CRIADO] D:\projetos-inovexa\mindscan\mindgen\charts\__init__.py
[2025-12-12 11:37:27] [CRIADO] D:\projetos-inovexa\mindscan\mindgen\fusion\__init__.py
[2025-12-12 11:37:27] [CRIADO] D:\projetos-inovexa\mindscan\mindgen\orchestrators\__init__.py
[2025-12-12 11:37:27] [CRIADO] D:\projetos-inovexa\mindscan\mindgen\panels\__init__.py
[2025-12-12 11:37:27] [CRIADO] D:\projetos-inovexa\mindscan\mindgen\reports\__init__.py
[2025-12-12 11:37:27] [CRIADO] D:\projetos-inovexa\mindscan\mindgen\routes\__init__.py
[2025-12-12 11:37:27] [CRIADO] D:\projetos-inovexa\mindscan\mindgen\ui\__init__.py
[2025-12-12 11:37:27] [CRIADO] D:\projetos-inovexa\mindscan\mindgen\visuals\__init__.py
[2025-12-12 11:37:27] [CRIADO] D:\projetos-inovexa\mindscan\mindgen\widgets\__init__.py
[2025-12-12 11:37:27] [CRIADO] D:\projetos-inovexa\mindscan\mindscan\admin\__init__.py
[2025-12-12 11:37:27] [CRIADO] D:\projetos-inovexa\mindscan\mindscan\analytics\__init__.py
[2025-12-12 11:37:27] [CRIADO] D:\projetos-inovexa\mindscan\mindscan\audios\__init__.py
[2025-12-12 11:37:27] [CRIADO] D:\projetos-inovexa\mindscan\mindscan\auth\__init__.py
[2025-12-12 11:37:27] [CRIADO] D:\projetos-inovexa\mindscan\mindscan\backend\__init__.py
[2025-12-12 11:37:27] [CRIADO] D:\projetos-inovexa\mindscan\mindscan\backend\algorithms\__init__.py
[2025-12-12 11:37:27] [CRIADO] D:\projetos-inovexa\mindscan\mindscan\backend\algorithms\big5\__init__.py
[2025-12-12 11:37:27] [CRIADO] D:\projetos-inovexa\mindscan\mindscan\backend\algorithms\bussola\__init__.py
[2025-12-12 11:37:27] [CRIADO] D:\projetos-inovexa\mindscan\mindscan\backend\algorithms\core\__init__.py
[2025-12-12 11:37:27] [CRIADO] D:\projetos-inovexa\mindscan\mindscan\backend\algorithms\cruzamentos\__init__.py
[2025-12-12 11:37:27] [CRIADO] D:\projetos-inovexa\mindscan\mindscan\backend\algorithms\dass\__init__.py
[2025-12-12 11:37:27] [CRIADO] D:\projetos-inovexa\mindscan\mindscan\backend\algorithms\dass21\__init__.py
[2025-12-12 11:37:27] [CRIADO] D:\projetos-inovexa\mindscan\mindscan\backend\algorithms\esquemas\__init__.py
[2025-12-12 11:37:27] [CRIADO] D:\projetos-inovexa\mindscan\mindscan\backend\algorithms\matcher\__init__.py
[2025-12-12 11:37:27] [CRIADO] D:\projetos-inovexa\mindscan\mindscan\backend\algorithms\ocai\__init__.py
[2025-12-12 11:37:27] [CRIADO] D:\projetos-inovexa\mindscan\mindscan\backend\algorithms\performance\__init__.py
[2025-12-12 11:37:27] [CRIADO] D:\projetos-inovexa\mindscan\mindscan\backend\algorithms\teique\__init__.py
[2025-12-12 11:37:27] [CRIADO] D:\projetos-inovexa\mindscan\mindscan\backend\analytics\audit\__init__.py
[2025-12-12 11:37:27] [CRIADO] D:\projetos-inovexa\mindscan\mindscan\backend\analytics\metrics\__init__.py
[2025-12-12 11:37:27] [CRIADO] D:\projetos-inovexa\mindscan\mindscan\backend\analytics\monitoring\__init__.py
[2025-12-12 11:37:27] [CRIADO] D:\projetos-inovexa\mindscan\mindscan\backend\api\__init__.py
[2025-12-12 11:37:27] [CRIADO] D:\projetos-inovexa\mindscan\mindscan\backend\api\compat\__init__.py
[2025-12-12 11:37:27] [CRIADO] D:\projetos-inovexa\mindscan\mindscan\backend\api\controllers\__init__.py
[2025-12-12 11:37:27] [CRIADO] D:\projetos-inovexa\mindscan\mindscan\backend\api\middleware\__init__.py
[2025-12-12 11:37:27] [CRIADO] D:\projetos-inovexa\mindscan\mindscan\backend\api\routes\__init__.py
[2025-12-12 11:37:27] [CRIADO] D:\projetos-inovexa\mindscan\mindscan\backend\api\schemas\__init__.py
[2025-12-12 11:37:27] [CRIADO] D:\projetos-inovexa\mindscan\mindscan\backend\api\services\__init__.py
[2025-12-12 11:37:27] [CRIADO] D:\projetos-inovexa\mindscan\mindscan\backend\api\utils\__init__.py
[2025-12-12 11:37:27] [CRIADO] D:\projetos-inovexa\mindscan\mindscan\backend\api\validators\__init__.py
[2025-12-12 11:37:27] [CRIADO] D:\projetos-inovexa\mindscan\mindscan\backend\core\__init__.py
[2025-12-12 11:37:27] [CRIADO] D:\projetos-inovexa\mindscan\mindscan\backend\core\compliance\__init__.py
[2025-12-12 11:37:27] [CRIADO] D:\projetos-inovexa\mindscan\mindscan\backend\core\diagnostic\__init__.py
[2025-12-12 11:37:27] [CRIADO] D:\projetos-inovexa\mindscan\mindscan\backend\core\interpretation\__init__.py
[2025-12-12 11:37:27] [CRIADO] D:\projetos-inovexa\mindscan\mindscan\backend\core\normalization\__init__.py
[2025-12-12 11:37:27] [CRIADO] D:\projetos-inovexa\mindscan\mindscan\backend\core\orchestrator\__init__.py
[2025-12-12 11:37:28] [CRIADO] D:\projetos-inovexa\mindscan\mindscan\backend\integrations\events\__init__.py
[2025-12-12 11:37:28] [CRIADO] D:\projetos-inovexa\mindscan\mindscan\backend\integrations\webhooks\__init__.py
[2025-12-12 11:37:28] [CRIADO] D:\projetos-inovexa\mindscan\mindscan\backend\integrations\whatsapp\__init__.py
[2025-12-12 11:37:28] [CRIADO] D:\projetos-inovexa\mindscan\mindscan\backend\mi\__init__.py
[2025-12-12 11:37:28] [CRIADO] D:\projetos-inovexa\mindscan\mindscan\backend\mi\compliance\__init__.py
[2025-12-12 11:37:28] [CRIADO] D:\projetos-inovexa\mindscan\mindscan\backend\mi\generative\__init__.py
[2025-12-12 11:37:28] [CRIADO] D:\projetos-inovexa\mindscan\mindscan\backend\mi\persona\__init__.py
[2025-12-12 11:37:28] [CRIADO] D:\projetos-inovexa\mindscan\mindscan\backend\middleware\__init__.py
[2025-12-12 11:37:28] [CRIADO] D:\projetos-inovexa\mindscan\mindscan\backend\models\__init__.py
[2025-12-12 11:37:28] [CRIADO] D:\projetos-inovexa\mindscan\mindscan\backend\models\inputs\__init__.py
[2025-12-12 11:37:28] [CRIADO] D:\projetos-inovexa\mindscan\mindscan\backend\models\outputs\__init__.py
[2025-12-12 11:37:28] [CRIADO] D:\projetos-inovexa\mindscan\mindscan\backend\models\scoring\__init__.py
[2025-12-12 11:37:28] [CRIADO] D:\projetos-inovexa\mindscan\mindscan\backend\pipelines\__init__.py
[2025-12-12 11:37:28] [CRIADO] D:\projetos-inovexa\mindscan\mindscan\backend\providers\__init__.py
[2025-12-12 11:37:28] [CRIADO] D:\projetos-inovexa\mindscan\mindscan\backend\reports\__init__.py
[2025-12-12 11:37:28] [CRIADO] D:\projetos-inovexa\mindscan\mindscan\backend\routers\__init__.py
[2025-12-12 11:37:28] [CRIADO] D:\projetos-inovexa\mindscan\mindscan\backend\services\adapters\__init__.py
[2025-12-12 11:37:28] [CRIADO] D:\projetos-inovexa\mindscan\mindscan\backend\services\builders\__init__.py
[2025-12-12 11:37:28] [CRIADO] D:\projetos-inovexa\mindscan\mindscan\backend\services\design\__init__.py
[2025-12-12 11:37:28] [CRIADO] D:\projetos-inovexa\mindscan\mindscan\backend\services\engines\__init__.py
[2025-12-12 11:37:28] [CRIADO] D:\projetos-inovexa\mindscan\mindscan\backend\services\helpers\__init__.py
[2025-12-12 11:37:28] [CRIADO] D:\projetos-inovexa\mindscan\mindscan\backend\services\infrastructure\__init__.py
[2025-12-12 11:37:28] [CRIADO] D:\projetos-inovexa\mindscan\mindscan\backend\services\mi\__init__.py
[2025-12-12 11:37:28] [CRIADO] D:\projetos-inovexa\mindscan\mindscan\backend\services\orchestrators\__init__.py
[2025-12-12 11:37:28] [CRIADO] D:\projetos-inovexa\mindscan\mindscan\backend\services\pdf\__init__.py
[2025-12-12 11:37:28] [CRIADO] D:\projetos-inovexa\mindscan\mindscan\backend\services\pdf\engine\__init__.py
[2025-12-12 11:37:28] [CRIADO] D:\projetos-inovexa\mindscan\mindscan\backend\services\pdf\pdf_sections\__init__.py
[2025-12-12 11:37:28] [CRIADO] D:\projetos-inovexa\mindscan\mindscan\backend\services\pdf\renderers\__init__.py
[2025-12-12 11:37:28] [CRIADO] D:\projetos-inovexa\mindscan\mindscan\backend\services\pdf\report_templates\__init__.py
[2025-12-12 11:37:28] [CRIADO] D:\projetos-inovexa\mindscan\mindscan\backend\services\pdf\telemetry\__init__.py
[2025-12-12 11:37:28] [CRIADO] D:\projetos-inovexa\mindscan\mindscan\backend\services\pdf\templates\__init__.py
[2025-12-12 11:37:28] [CRIADO] D:\projetos-inovexa\mindscan\mindscan\backend\services\pdf\validators\__init__.py
[2025-12-12 11:37:28] [CRIADO] D:\projetos-inovexa\mindscan\mindscan\backend\services\pdf_tools\__init__.py
[2025-12-12 11:37:28] [CRIADO] D:\projetos-inovexa\mindscan\mindscan\backend\services\post_processors\__init__.py
[2025-12-12 11:37:28] [CRIADO] D:\projetos-inovexa\mindscan\mindscan\backend\services\report\assembler\__init__.py
[2025-12-12 11:37:28] [CRIADO] D:\projetos-inovexa\mindscan\mindscan\backend\services\report\assets\charts\__init__.py
[2025-12-12 11:37:28] [CRIADO] D:\projetos-inovexa\mindscan\mindscan\backend\services\report\assets\covers\__init__.py
[2025-12-12 11:37:28] [CRIADO] D:\projetos-inovexa\mindscan\mindscan\backend\services\report\assets\styles\__init__.py
[2025-12-12 11:37:28] [CRIADO] D:\projetos-inovexa\mindscan\mindscan\backend\services\report\builders\__init__.py
[2025-12-12 11:37:28] [CRIADO] D:\projetos-inovexa\mindscan\mindscan\backend\services\report\enhancers\__init__.py
[2025-12-12 11:37:28] [CRIADO] D:\projetos-inovexa\mindscan\mindscan\backend\services\report\pdf\__init__.py
[2025-12-12 11:37:28] [CRIADO] D:\projetos-inovexa\mindscan\mindscan\backend\services\report\renderers\__init__.py
[2025-12-12 11:37:28] [CRIADO] D:\projetos-inovexa\mindscan\mindscan\backend\services\report_templates\__init__.py
[2025-12-12 11:37:28] [CRIADO] D:\projetos-inovexa\mindscan\mindscan\backend\storage\__init__.py
[2025-12-12 11:37:28] [CRIADO] D:\projetos-inovexa\mindscan\mindscan\backend\tests\__init__.py
[2025-12-12 11:37:28] [CRIADO] D:\projetos-inovexa\mindscan\mindscan\backend\utils\__init__.py
[2025-12-12 11:37:29] [CRIADO] D:\projetos-inovexa\mindscan\mindscan\backend\workers\__init__.py
[2025-12-12 11:37:29] [CRIADO] D:\projetos-inovexa\mindscan\mindscan\coaching_v4\analysis\__init__.py
[2025-12-12 11:37:29] [CRIADO] D:\projetos-inovexa\mindscan\mindscan\coaching_v4\builder\__init__.py
[2025-12-12 11:37:29] [CRIADO] D:\projetos-inovexa\mindscan\mindscan\coaching_v4\engine\__init__.py
[2025-12-12 11:37:29] [CRIADO] D:\projetos-inovexa\mindscan\mindscan\coaching_v4\finalizers\__init__.py
[2025-12-12 11:37:29] [CRIADO] D:\projetos-inovexa\mindscan\mindscan\coaching_v4\manager\__init__.py
[2025-12-12 11:37:29] [CRIADO] D:\projetos-inovexa\mindscan\mindscan\coaching_v4\orchestrators\__init__.py
[2025-12-12 11:37:29] [CRIADO] D:\projetos-inovexa\mindscan\mindscan\coaching_v4\ranking\__init__.py
[2025-12-12 11:37:29] [CRIADO] D:\projetos-inovexa\mindscan\mindscan\coaching_v4\routes\__init__.py
[2025-12-12 11:37:29] [CRIADO] D:\projetos-inovexa\mindscan\mindscan\coaching_v4\ui\__init__.py
[2025-12-12 11:37:29] [CRIADO] D:\projetos-inovexa\mindscan\mindscan\core\algorithms\__init__.py
[2025-12-12 11:37:29] [CRIADO] D:\projetos-inovexa\mindscan\mindscan\core\diagnostics\__init__.py
[2025-12-12 11:37:29] [CRIADO] D:\projetos-inovexa\mindscan\mindscan\core\engine\__init__.py
[2025-12-12 11:37:29] [CRIADO] D:\projetos-inovexa\mindscan\mindscan\core\metrics\__init__.py
[2025-12-12 11:37:29] [CRIADO] D:\projetos-inovexa\mindscan\mindscan\core\profiles\__init__.py
[2025-12-12 11:37:29] [CRIADO] D:\projetos-inovexa\mindscan\mindscan\core\reporting\__init__.py
[2025-12-12 11:37:29] [CRIADO] D:\projetos-inovexa\mindscan\mindscan\core\scoring\__init__.py
[2025-12-12 11:37:29] [CRIADO] D:\projetos-inovexa\mindscan\mindscan\export_v4\__init__.py
[2025-12-12 11:37:29] [CRIADO] D:\projetos-inovexa\mindscan\mindscan\export_v4\analysis\__init__.py
[2025-12-12 11:37:29] [CRIADO] D:\projetos-inovexa\mindscan\mindscan\export_v4\assets\__init__.py
[2025-12-12 11:37:29] [CRIADO] D:\projetos-inovexa\mindscan\mindscan\export_v4\builder\__init__.py
[2025-12-12 11:37:29] [CRIADO] D:\projetos-inovexa\mindscan\mindscan\export_v4\docx\__init__.py
[2025-12-12 11:37:29] [CRIADO] D:\projetos-inovexa\mindscan\mindscan\export_v4\finalizers\__init__.py
[2025-12-12 11:37:29] [CRIADO] D:\projetos-inovexa\mindscan\mindscan\export_v4\fusion\__init__.py
[2025-12-12 11:37:29] [CRIADO] D:\projetos-inovexa\mindscan\mindscan\export_v4\html\__init__.py
[2025-12-12 11:37:29] [CRIADO] D:\projetos-inovexa\mindscan\mindscan\export_v4\layout\__init__.py
[2025-12-12 11:37:29] [CRIADO] D:\projetos-inovexa\mindscan\mindscan\export_v4\meta\__init__.py
[2025-12-12 11:37:29] [CRIADO] D:\projetos-inovexa\mindscan\mindscan\export_v4\packager\__init__.py
[2025-12-12 11:37:29] [CRIADO] D:\projetos-inovexa\mindscan\mindscan\export_v4\pdf\__init__.py
[2025-12-12 11:37:29] [CRIADO] D:\projetos-inovexa\mindscan\mindscan\export_v4\profiles\__init__.py
[2025-12-12 11:37:29] [CRIADO] D:\projetos-inovexa\mindscan\mindscan\export_v4\routes\__init__.py
[2025-12-12 11:37:29] [CRIADO] D:\projetos-inovexa\mindscan\mindscan\export_v4\styles\__init__.py
[2025-12-12 11:37:29] [CRIADO] D:\projetos-inovexa\mindscan\mindscan\export_v4\utils\__init__.py
[2025-12-12 11:37:29] [CRIADO] D:\projetos-inovexa\mindscan\mindscan\graphql_live\__init__.py
[2025-12-12 11:37:29] [CRIADO] D:\projetos-inovexa\mindscan\mindscan\graphql_live\bridge\__init__.py
[2025-12-12 11:37:29] [CRIADO] D:\projetos-inovexa\mindscan\mindscan\graphql_live\engine\__init__.py
[2025-12-12 11:37:29] [CRIADO] D:\projetos-inovexa\mindscan\mindscan\graphql_live\feeds\__init__.py
[2025-12-12 11:37:29] [CRIADO] D:\projetos-inovexa\mindscan\mindscan\graphql_live\finalizers\__init__.py
[2025-12-12 11:37:29] [CRIADO] D:\projetos-inovexa\mindscan\mindscan\graphql_live\orchestrators\__init__.py
[2025-12-12 11:37:29] [CRIADO] D:\projetos-inovexa\mindscan\mindscan\graphql_live\subscriptions\__init__.py
[2025-12-12 11:37:29] [CRIADO] D:\projetos-inovexa\mindscan\mindscan\logging\__init__.py
[2025-12-12 11:37:29] [CRIADO] D:\projetos-inovexa\mindscan\mindscan\maintenance\__init__.py
[2025-12-12 11:37:29] [CRIADO] D:\projetos-inovexa\mindscan\mindscan\managers\__init__.py
[2025-12-12 11:37:29] [CRIADO] D:\projetos-inovexa\mindscan\mindscan\mindgen\__init__.py
[2025-12-12 11:37:29] [CRIADO] D:\projetos-inovexa\mindscan\mindscan\mindgen\analytics\__init__.py
[2025-12-12 11:37:29] [CRIADO] D:\projetos-inovexa\mindscan\mindscan\mindgen\charts\__init__.py
[2025-12-12 11:37:29] [CRIADO] D:\projetos-inovexa\mindscan\mindscan\mindgen\fusion\__init__.py
[2025-12-12 11:37:29] [CRIADO] D:\projetos-inovexa\mindscan\mindscan\mindgen\orchestrators\__init__.py
[2025-12-12 11:37:29] [CRIADO] D:\projetos-inovexa\mindscan\mindscan\mindgen\panels\__init__.py
[2025-12-12 11:37:29] [CRIADO] D:\projetos-inovexa\mindscan\mindscan\mindgen\reports\__init__.py
[2025-12-12 11:37:29] [CRIADO] D:\projetos-inovexa\mindscan\mindscan\mindgen\routes\__init__.py
[2025-12-12 11:37:29] [CRIADO] D:\projetos-inovexa\mindscan\mindscan\mindgen\ui\__init__.py
[2025-12-12 11:37:29] [CRIADO] D:\projetos-inovexa\mindscan\mindscan\mindgen\visuals\__init__.py
[2025-12-12 11:37:29] [CRIADO] D:\projetos-inovexa\mindscan\mindscan\mindgen\widgets\__init__.py
[2025-12-12 11:37:29] [CRIADO] D:\projetos-inovexa\mindscan\mindscan\mindscan_cli\__init__.py
[2025-12-12 11:37:29] [CRIADO] D:\projetos-inovexa\mindscan\mindscan\mindscan_examples\__init__.py
[2025-12-12 11:37:29] [CRIADO] D:\projetos-inovexa\mindscan\mindscan\modules\__init__.py
[2025-12-12 11:37:29] [CRIADO] D:\projetos-inovexa\mindscan\mindscan\pdf_engine\core\__init__.py
[2025-12-12 11:37:29] [CRIADO] D:\projetos-inovexa\mindscan\mindscan\pdf_engine\sections\__init__.py
[2025-12-12 11:37:29] [CRIADO] D:\projetos-inovexa\mindscan\mindscan\tests\__init__.py
[2025-12-12 11:37:29] [CRIADO] D:\projetos-inovexa\mindscan\mindscan\tests\async\__init__.py
[2025-12-12 11:37:29] [CRIADO] D:\projetos-inovexa\mindscan\mindscan\tools\__init__.py
[2025-12-12 11:37:29] [CRIADO] D:\projetos-inovexa\mindscan\mindscan\web\__init__.py
[2025-12-12 11:37:29] [CRIADO] D:\projetos-inovexa\mindscan\mindscan\web\assets\__init__.py
[2025-12-12 11:37:29] [CRIADO] D:\projetos-inovexa\mindscan\mindscan\web\finalizers\__init__.py
[2025-12-12 11:37:29] [CRIADO] D:\projetos-inovexa\mindscan\mindscan\web\graphql\__init__.py
[2025-12-12 11:37:29] [CRIADO] D:\projetos-inovexa\mindscan\mindscan\web\middleware\__init__.py
[2025-12-12 11:37:29] [CRIADO] D:\projetos-inovexa\mindscan\mindscan\web\orchestrators\__init__.py
[2025-12-12 11:37:29] [CRIADO] D:\projetos-inovexa\mindscan\mindscan\web\reports\__init__.py
[2025-12-12 11:37:29] [CRIADO] D:\projetos-inovexa\mindscan\mindscan\web\routes\__init__.py
[2025-12-12 11:37:29] [CRIADO] D:\projetos-inovexa\mindscan\mindscan\web\security\__init__.py
[2025-12-12 11:37:29] [CRIADO] D:\projetos-inovexa\mindscan\mindscan\web\services\__init__.py
[2025-12-12 11:37:29] [CRIADO] D:\projetos-inovexa\mindscan\mindscan\web\services\providers\__init__.py
[2025-12-12 11:37:29] [CRIADO] D:\projetos-inovexa\mindscan\mindscan\web\state\__init__.py
[2025-12-12 11:37:29] [CRIADO] D:\projetos-inovexa\mindscan\mindscan\web\ui\__init__.py
[2025-12-12 11:37:29] [CRIADO] D:\projetos-inovexa\mindscan\mindscan\web\ui\icons\__init__.py
[2025-12-12 11:37:29] [CRIADO] D:\projetos-inovexa\mindscan\mindscan\web\ui\org\__init__.py
[2025-12-12 11:37:29] [CRIADO] D:\projetos-inovexa\mindscan\mindscan\web\ui\styles\__init__.py
[2025-12-12 11:37:29] [CRIADO] D:\projetos-inovexa\mindscan\mindscan\web\ui\team\__init__.py
[2025-12-12 11:37:29] [CRIADO] D:\projetos-inovexa\mindscan\mindscan\web\ui\themes\__init__.py
[2025-12-12 11:37:29] [CRIADO] D:\projetos-inovexa\mindscan\mindscan\web\ui\widgets\__init__.py
[2025-12-12 11:37:29] [CRIADO] D:\projetos-inovexa\mindscan\mindscan\web\utils\__init__.py
[2025-12-12 11:37:29] [CRIADO] D:\projetos-inovexa\mindscan\mindscan\web\websocket\__init__.py
[2025-12-12 11:37:29] [CRIADO] D:\projetos-inovexa\mindscan\mindscan_cli\__init__.py
[2025-12-12 11:37:29] [CRIADO] D:\projetos-inovexa\mindscan\mindscan_examples\__init__.py
[2025-12-12 11:37:29] [CRIADO] D:\projetos-inovexa\mindscan\modules\__init__.py
[2025-12-12 11:37:29] [CRIADO] D:\projetos-inovexa\mindscan\pdf_engine\core\__init__.py
[2025-12-12 11:37:29] [CRIADO] D:\projetos-inovexa\mindscan\pdf_engine\sections\__init__.py
[2025-12-12 11:37:29] [CRIADO] D:\projetos-inovexa\mindscan\tests\__init__.py
[2025-12-12 11:37:29] [CRIADO] D:\projetos-inovexa\mindscan\tests\async\__init__.py
[2025-12-12 11:37:29] [CRIADO] D:\projetos-inovexa\mindscan\tools\__init__.py
[2025-12-12 11:37:29] [CRIADO] D:\projetos-inovexa\mindscan\web\__init__.py
[2025-12-12 11:37:29] [CRIADO] D:\projetos-inovexa\mindscan\web\assets\__init__.py
[2025-12-12 11:37:29] [CRIADO] D:\projetos-inovexa\mindscan\web\finalizers\__init__.py
[2025-12-12 11:37:29] [CRIADO] D:\projetos-inovexa\mindscan\web\graphql\__init__.py
[2025-12-12 11:37:29] [CRIADO] D:\projetos-inovexa\mindscan\web\middleware\__init__.py
[2025-12-12 11:37:29] [CRIADO] D:\projetos-inovexa\mindscan\web\orchestrators\__init__.py
[2025-12-12 11:37:29] [CRIADO] D:\projetos-inovexa\mindscan\web\reports\__init__.py
[2025-12-12 11:37:29] [CRIADO] D:\projetos-inovexa\mindscan\web\routes\__init__.py
[2025-12-12 11:37:29] [CRIADO] D:\projetos-inovexa\mindscan\web\security\__init__.py
[2025-12-12 11:37:29] [CRIADO] D:\projetos-inovexa\mindscan\web\services\__init__.py
[2025-12-12 11:37:29] [CRIADO] D:\projetos-inovexa\mindscan\web\services\providers\__init__.py
[2025-12-12 11:37:29] [CRIADO] D:\projetos-inovexa\mindscan\web\state\__init__.py
[2025-12-12 11:37:29] [CRIADO] D:\projetos-inovexa\mindscan\web\ui\__init__.py
[2025-12-12 11:37:29] [CRIADO] D:\projetos-inovexa\mindscan\web\ui\icons\__init__.py
[2025-12-12 11:37:29] [CRIADO] D:\projetos-inovexa\mindscan\web\ui\org\__init__.py
[2025-12-12 11:37:29] [CRIADO] D:\projetos-inovexa\mindscan\web\ui\styles\__init__.py
[2025-12-12 11:37:29] [CRIADO] D:\projetos-inovexa\mindscan\web\ui\team\__init__.py
[2025-12-12 11:37:29] [CRIADO] D:\projetos-inovexa\mindscan\web\ui\themes\__init__.py
[2025-12-12 11:37:29] [CRIADO] D:\projetos-inovexa\mindscan\web\ui\widgets\__init__.py
[2025-12-12 11:37:29] [CRIADO] D:\projetos-inovexa\mindscan\web\utils\__init__.py
[2025-12-12 11:37:29] [CRIADO] D:\projetos-inovexa\mindscan\web\websocket\__init__.py
[2025-12-12 11:37:29] ======================================================================
[2025-12-12 11:37:29] Pastas analisadas : 454
[2025-12-12 11:37:29] __init__.py novos : 326
[2025-12-12 11:37:29] Execução concluída com sucesso.
[2025-12-12 11:37:29] ======================================================================
[2025-12-12 11:37:30] ======================================================================
[2025-12-12 11:37:30] MindScan / Inovexa — Geração automática de __init__.py
[2025-12-12 11:37:30] Raiz do projeto : D:\projetos-inovexa\mindscan
[2025-12-12 11:37:30] Modo dry-run    : NÃO
[2025-12-12 11:37:30] ======================================================================
[2025-12-12 11:37:32] ======================================================================
[2025-12-12 11:37:32] Pastas analisadas : 454
[2025-12-12 11:37:32] __init__.py novos : 0
[2025-12-12 11:37:32] Execução concluída com sucesso.
[2025-12-12 11:37:32] ======================================================================
