[Backend 16:24:36] Execução direta detectada.
[Backend 16:24:36] Inicializando Backend (API + Worker)...
[Backend 16:24:36] Worker iniciado.
[Backend 16:24:36] Thread do worker foi iniciada.
[Backend 16:24:36] API iniciando na porta 8080...
[Backend 16:24:36] Thread da API foi iniciada.
[Backend 16:24:36] Backend inicializado com sucesso.
[Backend 16:24:38] Worker ativo...
[Backend 16:24:40] Worker ativo...
[Backend 16:24:42] Worker ativo...
[Backend 16:24:44] Worker ativo...
[Backend 16:24:46] Worker ativo...
[Backend 16:24:48] Worker ativo...
[Backend 16:24:50] Worker ativo...
[Backend 16:24:52] Worker ativo...
[Backend 16:24:54] Worker ativo...
[Backend 16:24:56] Worker ativo...
[Backend 16:24:58] Worker ativo...
[Backend 16:25:00] Worker ativo...
[Backend 16:25:02] Worker ativo...
[Backend 16:25:04] Worker ativo...
[Backend 16:25:06] Worker ativo...
[Backend 16:25:08] Worker ativo...
[Backend 16:25:10] Worker ativo...
[Backend 16:25:12] Worker ativo...
[Backend 16:25:14] Worker ativo...
[Backend 16:25:16] Worker ativo...
[Backend 16:25:18] Worker ativo...
[Backend 16:25:20] Worker ativo...
[Backend 16:25:22] Worker ativo...
[Backend 16:25:24] Worker ativo...
[Backend 16:25:26] Worker ativo...
[Backend 16:25:28] Worker ativo...
[Backend 16:25:30] Worker ativo...
[Backend 16:25:32] Worker ativo...
[Backend 16:25:34] Worker ativo...
[Backend 16:25:36] Worker ativo...
[Backend 16:25:38] Worker ativo...
[Backend 16:25:40] Worker ativo...
[Backend 16:25:42] Worker ativo...
[Backend 16:25:44] Worker ativo...
[Backend 16:25:46] Worker ativo...
[Backend 16:25:48] Worker ativo...
[Backend 16:25:50] Worker ativo...
[Backend 16:25:52] Worker ativo...
[Backend 16:25:54] Worker ativo...
[Backend 16:25:56] Worker ativo...
[Backend 16:25:58] Worker ativo...
[Backend 16:26:00] Worker ativo...
[Backend 16:26:02] Worker ativo...
[Backend 16:26:04] Worker ativo...
[Backend 16:26:06] Worker ativo...
[Backend 16:26:08] Worker ativo...
[Backend 16:26:10] Worker ativo...
[Backend 16:26:12] Worker ativo...
[Backend 16:26:14] Worker ativo...
[Backend 16:26:16] Worker ativo...
[Backend 16:26:18] Worker ativo...
[Backend 16:26:20] Worker ativo...
[Backend 16:26:22] Worker ativo...
[Backend 16:26:24] Worker ativo...
[Backend 16:26:26] Worker ativo...
[Backend 16:26:28] Worker ativo...
[Backend 16:26:30] Worker ativo...
[Backend 16:26:32] Worker ativo...
[Backend 16:26:34] Worker ativo...
[Backend 16:26:36] Worker ativo...
[Backend 16:26:38] Worker ativo...
[Backend 16:26:40] Worker ativo...
[Backend 16:26:42] Worker ativo...
[Backend 16:26:44] Worker ativo...
[Backend 16:26:46] Worker ativo...
[Backend 16:26:48] Worker ativo...
[Backend 16:26:50] Worker ativo...
[Backend 16:26:52] Worker ativo...
[Backend 16:26:54] Worker ativo...
[Backend 16:26:56] Worker ativo...
[Backend 16:26:58] Worker ativo...
[Backend 16:27:00] Worker ativo...
[Backend 16:27:02] Worker ativo...
[Backend 16:27:04] Worker ativo...
[Backend 16:27:06] Worker ativo...
[Backend 16:27:08] Worker ativo...
[Backend 16:27:10] Worker ativo...
[Backend 16:27:12] Worker ativo...
[Backend 16:27:14] Worker ativo...
[Backend 16:27:16] Worker ativo...
[Backend 16:27:18] Worker ativo...
[Backend 16:27:20] Worker ativo...
[Backend 16:27:22] Worker ativo...
[Backend 16:27:24] Worker ativo...
[Backend 16:27:26] Worker ativo...
[Backend 16:27:28] Worker ativo...
[Backend 16:27:30] Worker ativo...
[Backend 16:27:32] Worker ativo...
[Backend 16:27:34] Worker ativo...
[Backend 16:27:36] Worker ativo...
[Backend 16:27:38] Worker ativo...
[Backend 16:27:40] Worker ativo...
[Backend 16:27:42] Worker ativo...
[Backend 16:27:44] Worker ativo...
[Backend 16:27:46] Worker ativo...
[Backend 16:27:48] Worker ativo...
[Backend 16:27:50] Worker ativo...
[Backend 16:27:52] Worker ativo...
[Backend 16:27:54] Worker ativo...
[Backend 16:27:56] Worker ativo...
[Backend 16:27:58] Worker ativo...
[Backend 16:28:00] Worker ativo...
[Backend 16:28:02] Worker ativo...
[Backend 16:28:04] Worker ativo...
[Backend 16:28:06] Worker ativo...
[Backend 16:28:08] Worker ativo...
[Backend 16:28:10] Worker ativo...
[Backend 16:28:12] Worker ativo...
[Backend 16:28:14] Worker ativo...
[Backend 16:28:16] Worker ativo...
[Backend 16:28:18] Worker ativo...
[Backend 16:28:20] Worker ativo...
[Backend 16:28:22] Worker ativo...
[Backend 16:28:24] Worker ativo...
[Backend 16:28:26] Worker ativo...
[Backend 16:28:28] Worker ativo...
[Backend 16:28:30] Worker ativo...
[Backend 16:28:32] Worker ativo...
[Backend 16:28:34] Worker ativo...
[Backend 16:28:36] Worker ativo...
[Backend 16:28:38] Worker ativo...
[Backend 16:28:40] Worker ativo...
[Backend 16:28:42] Worker ativo...
[Backend 16:28:44] Worker ativo...
[Backend 16:28:46] Worker ativo...
[Backend 16:28:48] Worker ativo...
[Backend 16:28:50] Worker ativo...
[Backend 16:28:52] Worker ativo...
[Backend 16:28:54] Worker ativo...
[Backend 16:28:56] Worker ativo...
[Backend 16:28:58] Worker ativo...
[Backend 16:29:00] Worker ativo...
[Backend 16:29:02] Worker ativo...
[Backend 16:29:04] Worker ativo...
[Backend 16:29:06] Worker ativo...
[Backend 16:29:08] Worker ativo...
[Backend 16:29:10] Worker ativo...
[Backend 16:29:12] Worker ativo...
[Backend 16:29:14] Worker ativo...
[Backend 16:29:16] Worker ativo...
[Backend 16:29:18] Worker ativo...
[Backend 16:29:20] Worker ativo...
[Backend 16:29:22] Worker ativo...
[Backend 16:29:24] Worker ativo...
[Backend 16:29:26] Worker ativo...
[Backend 16:29:28] Worker ativo...
[Backend 16:29:30] Worker ativo...
[Backend 16:29:31] Execução direta detectada.
[Backend 16:29:31] Inicializando Backend (API + Worker)...
[Backend 16:29:31] Worker iniciado.
[Backend 16:29:31] Thread do worker foi iniciada.
[Backend 16:29:31] API iniciando na porta 8080...
[Backend 16:29:31] Thread da API foi iniciada.
[Backend 16:29:31] Backend inicializado com sucesso.
[Backend 16:29:32] Worker ativo...
[Backend 16:29:33] Worker ativo...
[Backend 16:29:34] Worker ativo...
[Backend 16:29:35] Worker ativo...
[Backend 16:29:36] Worker ativo...
[Backend 16:29:37] Worker ativo...
[Backend 16:29:38] Worker ativo...
[Backend 16:29:39] Worker ativo...
[Backend 16:29:40] Worker ativo...
[Backend 16:29:42] Worker ativo...
[Backend 16:29:44] Worker ativo...
[Backend 16:29:46] Worker ativo...
[Backend 16:29:48] Worker ativo...
[Backend 16:29:50] Worker ativo...
[Backend 16:29:52] Worker ativo...
[Backend 16:29:54] Worker ativo...
[Backend 16:29:56] Worker ativo...
[Backend 16:29:58] Worker ativo...
[Backend 16:30:00] Worker ativo...
[Backend 16:30:02] Worker ativo...
[Backend 16:30:04] Worker ativo...
[Backend 16:30:06] Worker ativo...
[Backend 16:30:08] Worker ativo...
[Backend 16:30:10] Worker ativo...
[Backend 16:30:12] Worker ativo...
[Backend 16:30:14] Worker ativo...
[Backend 16:30:16] Worker ativo...
[Backend 16:30:18] Worker ativo...
[Backend 16:30:20] Worker ativo...
[Backend 16:30:22] Worker ativo...
[Backend 16:30:24] Worker ativo...
[Backend 16:30:26] Worker ativo...
[Backend 16:30:28] Worker ativo...
[Backend 16:30:30] Worker ativo...
[Backend 16:30:32] Worker ativo...
[Backend 16:30:34] Worker ativo...
[Backend 16:30:36] Worker ativo...
[Backend 16:30:38] Worker ativo...
[Backend 16:30:40] Worker ativo...
[Backend 16:30:42] Worker ativo...
[Backend 16:30:44] Worker ativo...
[Backend 16:30:46] Worker ativo...
[Backend 16:30:48] Worker ativo...
[Backend 16:30:50] Worker ativo...
[Backend 16:30:52] Worker ativo...
[Backend 16:30:54] Worker ativo...
[Backend 16:30:56] Worker ativo...
[Backend 16:30:58] Worker ativo...
[Backend 16:31:00] Worker ativo...
[Backend 16:31:02] Worker ativo...
[Backend 16:31:04] Worker ativo...
[Backend 16:31:06] Worker ativo...
[Backend 16:31:08] Worker ativo...
[Backend 16:31:10] Worker ativo...
[Backend 16:31:12] Worker ativo...
[Backend 16:31:14] Worker ativo...
[Backend 16:31:16] Worker ativo...
[Backend 16:31:18] Worker ativo...
[Backend 16:31:20] Worker ativo...
[Backend 16:31:22] Worker ativo...
[Backend 16:31:24] Worker ativo...
[Backend 16:31:26] Worker ativo...
[Backend 16:31:28] Worker ativo...
[Backend 16:31:30] Worker ativo...
[Backend 16:31:32] Worker ativo...
[Backend 16:31:34] Worker ativo...
[Backend 16:31:36] Worker ativo...
[Backend 16:31:38] Worker ativo...
[Backend 16:31:40] Worker ativo...
[Backend 16:31:42] Worker ativo...
[Backend 16:31:44] Worker ativo...
[Backend 16:31:46] Worker ativo...
[Backend 16:31:48] Worker ativo...
[Backend 16:31:50] Worker ativo...
[Backend 16:31:52] Worker ativo...
[Backend 16:31:54] Worker ativo...
[Backend 16:31:56] Worker ativo...
[Backend 16:31:58] Worker ativo...
[Backend 16:32:00] Worker ativo...
[Backend 16:32:02] Worker ativo...
[Backend 16:32:04] Worker ativo...
[Backend 16:32:06] Worker ativo...
[Backend 16:32:08] Worker ativo...
[Backend 16:32:10] Worker ativo...
[Backend 16:32:12] Worker ativo...
[Backend 16:32:14] Worker ativo...
[Backend 16:32:16] Worker ativo...
[Backend 16:32:18] Worker ativo...
[Backend 16:32:20] Worker ativo...
[Backend 16:32:22] Worker ativo...
[Backend 16:32:24] Worker ativo...
[Backend 16:32:26] Worker ativo...
[Backend 16:32:28] Worker ativo...
[Backend 16:32:30] Worker ativo...
[Backend 16:32:32] Worker ativo...
[Backend 16:32:34] Worker ativo...
[Backend 16:32:36] Worker ativo...
[Backend 16:32:38] Worker ativo...
[Backend 16:32:40] Worker ativo...
[Backend 16:32:42] Worker ativo...
[Backend 16:32:44] Worker ativo...
[Backend 16:32:46] Worker ativo...
[Backend 16:32:49] Worker ativo...
[Backend 16:32:51] Worker ativo...
[Backend 16:32:53] Worker ativo...
[Backend 16:32:55] Worker ativo...
[Backend 16:32:57] Worker ativo...
[Backend 16:32:59] Worker ativo...
[Backend 16:33:01] Worker ativo...
[Backend 16:33:03] Worker ativo...
[Backend 16:33:05] Worker ativo...
[Backend 16:33:07] Worker ativo...
[Backend 16:33:09] Worker ativo...
[Backend 16:33:11] Worker ativo...
[Backend 16:33:13] Worker ativo...
[Backend 16:33:15] Worker ativo...
[Backend 16:33:17] Worker ativo...
[Backend 16:33:19] Worker ativo...
[Backend 16:33:21] Worker ativo...
[Backend 16:33:23] Worker ativo...
[Backend 16:33:25] Worker ativo...
[Backend 16:33:27] Worker ativo...
[Backend 16:33:29] Worker ativo...
[Backend 16:33:31] Worker ativo...
[Backend 16:33:33] Worker ativo...
[Backend 16:33:35] Worker ativo...
[Backend 16:33:37] Worker ativo...
[Backend 16:33:39] Worker ativo...
[Backend 16:33:41] Worker ativo...
[Backend 16:33:43] Worker ativo...
[Backend 16:33:45] Worker ativo...
[Backend 16:33:47] Worker ativo...
[Backend 16:33:49] Worker ativo...
[Backend 16:33:51] Worker ativo...
[Backend 16:33:53] Worker ativo...
[Backend 16:33:55] Worker ativo...
[Backend 16:33:57] Worker ativo...
[Backend 16:33:59] Worker ativo...
[Backend 16:34:01] Worker ativo...
[Backend 16:34:03] Worker ativo...
[Backend 16:34:05] Worker ativo...
[Backend 16:34:07] Worker ativo...
[Backend 16:34:09] Worker ativo...
[Backend 16:34:11] Worker ativo...
[Backend 16:34:13] Worker ativo...
[Backend 16:34:15] Worker ativo...
[Backend 16:34:17] Worker ativo...
[Backend 16:34:19] Worker ativo...
[Backend 16:34:21] Worker ativo...
[Backend 16:34:23] Worker ativo...
[Backend 16:34:25] Worker ativo...
[Backend 16:34:27] Worker ativo...
[Backend 16:34:29] Worker ativo...
[Backend 16:34:31] Worker ativo...
[Backend 16:34:33] Worker ativo...
[Backend 16:34:35] Worker ativo...
[Backend 16:34:37] Worker ativo...
[Backend 16:34:39] Worker ativo...
[Backend 16:34:41] Worker ativo...
[Backend 16:34:43] Worker ativo...
[Backend 16:34:45] Worker ativo...
[Backend 16:34:47] Worker ativo...
[Backend 16:34:49] Worker ativo...
[Backend 16:34:51] Worker ativo...
[Backend 16:34:53] Worker ativo...
[Backend 16:34:55] Worker ativo...
[Backend 16:34:57] Worker ativo...
[Backend 16:34:59] Worker ativo...
[Backend 16:35:01] Worker ativo...
[Backend 16:35:03] Worker ativo...
[Backend 16:35:05] Worker ativo...
[Backend 16:35:07] Worker ativo...
[Backend 16:35:09] Worker ativo...
[Backend 16:35:11] Worker ativo...
[Backend 16:35:13] Worker ativo...
[Backend 16:35:15] Worker ativo...
[Backend 16:35:17] Worker ativo...
[Backend 16:35:19] Worker ativo...
[Backend 16:35:21] Worker ativo...
[Backend 16:35:23] Worker ativo...
[Backend 16:35:25] Worker ativo...
[Backend 16:35:27] Worker ativo...
[Backend 16:35:29] Worker ativo...
[Backend 16:35:31] Worker ativo...
[Backend 16:35:33] Worker ativo...
[Backend 16:35:35] Worker ativo...
[Backend 16:35:37] Worker ativo...
[Backend 16:35:39] Worker ativo...
[Backend 16:35:41] Worker ativo...
[Backend 16:35:43] Worker ativo...
[Backend 16:35:45] Worker ativo...
[Backend 16:35:47] Worker ativo...
[Backend 16:35:49] Worker ativo...
[Backend 16:35:51] Worker ativo...
[Backend 16:35:53] Worker ativo...
[Backend 16:35:55] Worker ativo...
[Backend 16:35:57] Worker ativo...
[Backend 16:35:59] Worker ativo...
[Backend 16:36:01] Worker ativo...
[Backend 16:36:03] Worker ativo...
[Backend 16:36:05] Worker ativo...
[Backend 16:36:07] Worker ativo...
[Backend 16:36:09] Worker ativo...
[Backend 16:36:11] Worker ativo...
[Backend 16:36:13] Worker ativo...
[Backend 16:36:15] Worker ativo...
[Backend 16:36:17] Worker ativo...
[Backend 16:36:19] Worker ativo...
[Backend 16:36:21] Worker ativo...
[Backend 16:36:23] Worker ativo...
[Backend 16:36:25] Worker ativo...
[Backend 16:36:27] Worker ativo...
[Backend 16:36:29] Worker ativo...
[Backend 16:36:31] Worker ativo...
[Backend 16:36:33] Worker ativo...
[Backend 16:36:35] Worker ativo...
[Backend 16:36:37] Worker ativo...
[Backend 16:36:39] Worker ativo...
[Backend 16:36:41] Worker ativo...
[Backend 16:36:43] Worker ativo...
[Backend 16:36:45] Worker ativo...
[Backend 16:36:47] Worker ativo...
[Backend 16:36:49] Worker ativo...
[Backend 16:36:51] Worker ativo...
[Backend 16:36:53] Worker ativo...
[Backend 16:36:55] Worker ativo...
[Backend 16:36:57] Worker ativo...
[Backend 16:36:59] Worker ativo...
[Backend 16:37:01] Worker ativo...
[Backend 16:37:03] Worker ativo...
[Backend 16:37:05] Worker ativo...
[Backend 16:37:07] Worker ativo...
[Backend 16:37:09] Worker ativo...
[Backend 16:37:11] Worker ativo...
[Backend 16:37:13] Worker ativo...
[Backend 16:37:15] Worker ativo...
[Backend 16:37:17] Worker ativo...
[Backend 16:37:19] Worker ativo...
[Backend 16:37:21] Worker ativo...
[Backend 16:37:23] Worker ativo...
[Backend 16:37:25] Worker ativo...
[Backend 16:37:27] Worker ativo...
[Backend 16:37:29] Worker ativo...
[Backend 16:37:31] Worker ativo...
[Backend 16:37:33] Worker ativo...
[Backend 16:37:35] Worker ativo...
[Backend 16:37:37] Worker ativo...
[Backend 16:37:39] Worker ativo...
[Backend 16:37:41] Worker ativo...
[Backend 16:37:43] Worker ativo...
[Backend 16:37:45] Worker ativo...
[Backend 16:37:47] Worker ativo...
[Backend 16:37:49] Worker ativo...
[Backend 16:37:51] Worker ativo...
[Backend 16:37:53] Worker ativo...
[Backend 16:37:55] Worker ativo...
[Backend 16:37:57] Worker ativo...
[Backend 16:37:59] Worker ativo...
[Backend 16:38:01] Worker ativo...
[Backend 16:38:03] Worker ativo...
[Backend 16:38:05] Worker ativo...
[Backend 16:38:07] Worker ativo...
[Backend 16:38:09] Worker ativo...
[Backend 16:38:11] Worker ativo...
[Backend 16:38:13] Worker ativo...
[Backend 16:38:15] Worker ativo...
[Backend 16:38:17] Worker ativo...
[Backend 16:38:19] Worker ativo...
[Backend 16:38:21] Worker ativo...
[Backend 16:38:23] Worker ativo...
[Backend 16:38:25] Worker ativo...
[Backend 16:38:27] Worker ativo...
[Backend 16:38:29] Worker ativo...
[Backend 16:38:31] Worker ativo...
[Backend 16:38:33] Worker ativo...
[Backend 16:38:35] Worker ativo...
[Backend 16:38:37] Worker ativo...
[Backend 16:38:39] Worker ativo...
[Backend 16:38:41] Worker ativo...
[Backend 16:38:43] Worker ativo...
[Backend 16:38:45] Worker ativo...
[Backend 16:38:47] Worker ativo...
[Backend 16:38:49] Worker ativo...
[Backend 16:38:51] Worker ativo...
[Backend 16:38:53] Worker ativo...
[Backend 16:38:55] Worker ativo...
[Backend 16:38:57] Worker ativo...
[Backend 16:38:59] Worker ativo...
[Backend 16:39:01] Worker ativo...
[Backend 16:39:03] Worker ativo...
[Backend 16:39:05] Worker ativo...
[Backend 16:39:07] Worker ativo...
[Backend 16:39:09] Worker ativo...
[Backend 16:39:11] Worker ativo...
[Backend 16:39:13] Worker ativo...
[Backend 16:39:15] Worker ativo...
[Backend 16:39:17] Worker ativo...
[Backend 16:39:19] Worker ativo...
[Backend 16:39:21] Worker ativo...
[Backend 16:39:23] Worker ativo...
[Backend 16:39:25] Worker ativo...
[Backend 16:39:27] Worker ativo...
[Backend 16:39:29] Worker ativo...
[Backend 16:39:31] Worker ativo...
[Backend 16:39:33] Worker ativo...
[Backend 16:39:35] Worker ativo...
[Backend 16:39:37] Worker ativo...
[Backend 16:39:39] Worker ativo...
[Backend 16:39:41] Worker ativo...
[Backend 16:39:43] Worker ativo...
[Backend 16:39:45] Worker ativo...
[Backend 16:39:47] Worker ativo...
[Backend 16:39:49] Worker ativo...
[Backend 16:39:51] Worker ativo...
[Backend 16:39:53] Worker ativo...
[Backend 16:39:55] Worker ativo...
[Backend 16:39:57] Worker ativo...
[Backend 16:39:59] Worker ativo...
[Backend 16:40:01] Worker ativo...
[Backend 16:40:03] Worker ativo...
[Backend 16:40:05] Worker ativo...
[Backend 16:40:07] Worker ativo...
[Backend 16:40:09] Worker ativo...
[Backend 16:40:11] Worker ativo...
[Backend 16:40:13] Worker ativo...
[Backend 16:40:15] Worker ativo...
[Backend 16:40:17] Worker ativo...
[Backend 16:40:19] Worker ativo...
[Backend 16:40:21] Worker ativo...
[Backend 16:40:23] Worker ativo...
[Backend 16:40:25] Worker ativo...
[Backend 16:40:27] Worker ativo...
[Backend 16:40:29] Worker ativo...
[Backend 16:40:31] Worker ativo...
[Backend 16:40:33] Worker ativo...
[Backend 16:40:35] Worker ativo...
[Backend 16:40:37] Worker ativo...
[Backend 16:40:39] Worker ativo...
[Backend 16:40:41] Worker ativo...
[Backend 16:40:43] Worker ativo...
[Backend 16:40:45] Worker ativo...
[Backend 16:40:47] Worker ativo...
[Backend 16:40:49] Worker ativo...
[Backend 16:40:51] Worker ativo...
[Backend 16:40:53] Worker ativo...
[Backend 16:40:55] Worker ativo...
[Backend 16:40:57] Worker ativo...
[Backend 16:40:59] Worker ativo...
[Backend 16:41:01] Worker ativo...
[Backend 16:41:03] Worker ativo...
[Backend 16:41:05] Worker ativo...
[Backend 16:41:07] Worker ativo...
[Backend 16:41:09] Worker ativo...
[Backend 16:41:11] Worker ativo...
[Backend 16:41:13] Worker ativo...
[Backend 16:41:15] Worker ativo...
[Backend 16:41:17] Worker ativo...
[Backend 16:41:19] Worker ativo...
[Backend 16:41:21] Worker ativo...
[Backend 16:41:23] Worker ativo...
[Backend 16:41:25] Worker ativo...
[Backend 16:41:27] Worker ativo...
[Backend 16:41:29] Worker ativo...
[Backend 16:41:31] Worker ativo...
[Backend 16:41:33] Worker ativo...
[Backend 16:41:35] Worker ativo...
[Backend 16:41:37] Worker ativo...
[Backend 16:41:39] Worker ativo...
[Backend 16:41:41] Worker ativo...
[Backend 16:41:43] Worker ativo...
[Backend 16:41:45] Worker ativo...
[Backend 16:41:47] Worker ativo...
[Backend 16:41:49] Worker ativo...
[Backend 16:41:51] Worker ativo...
[Backend 16:41:53] Worker ativo...
[Backend 16:41:55] Worker ativo...
[Backend 16:41:57] Worker ativo...
[Backend 16:41:59] Worker ativo...
[Backend 16:42:01] Worker ativo...
[Backend 16:42:03] Worker ativo...
[Backend 16:42:05] Worker ativo...
[Backend 16:42:07] Worker ativo...
[Backend 16:42:09] Worker ativo...
[Backend 16:42:11] Worker ativo...
[Backend 16:42:13] Worker ativo...
[Backend 16:42:15] Worker ativo...
[Backend 16:42:17] Worker ativo...
[Backend 16:42:19] Worker ativo...
[Backend 16:42:21] Worker ativo...
[Backend 16:42:23] Worker ativo...
[Backend 16:42:25] Worker ativo...
[Backend 16:42:27] Worker ativo...
[Backend 16:42:29] Worker ativo...
[Backend 16:42:31] Worker ativo...
[Backend 16:42:33] Worker ativo...
[Backend 16:42:35] Worker ativo...
[Backend 16:42:37] Worker ativo...
[Backend 16:42:39] Worker ativo...
[Backend 16:42:41] Worker ativo...
[Backend 16:42:43] Worker ativo...
[Backend 16:42:45] Worker ativo...
[Backend 16:42:47] Worker ativo...
[Backend 16:42:49] Worker ativo...
[Backend 16:42:51] Worker ativo...
[Backend 16:42:53] Worker ativo...
[Backend 16:42:55] Worker ativo...
[Backend 16:42:57] Worker ativo...
[Backend 16:42:59] Worker ativo...
[Backend 16:43:01] Worker ativo...
[Backend 16:43:03] Worker ativo...
[Backend 16:43:05] Worker ativo...
[Backend 16:43:07] Worker ativo...
[Backend 16:43:09] Worker ativo...
[Backend 16:43:11] Worker ativo...
[Backend 16:43:13] Worker ativo...
[Backend 16:43:15] Worker ativo...
[Backend 16:43:17] Worker ativo...
[Backend 16:43:19] Worker ativo...
[Backend 16:43:21] Worker ativo...
[Backend 16:43:23] Worker ativo...
[Backend 16:43:25] Worker ativo...
[Backend 16:43:27] Worker ativo...
[Backend 16:43:29] Worker ativo...
[Backend 16:43:31] Worker ativo...
[Backend 16:43:33] Worker ativo...
[Backend 16:43:35] Worker ativo...
[Backend 16:43:37] Worker ativo...
[Backend 16:43:39] Worker ativo...
[Backend 16:43:41] Worker ativo...
[Backend 16:43:43] Worker ativo...
[Backend 16:43:45] Worker ativo...
[Backend 16:43:47] Worker ativo...
[Backend 16:43:49] Worker ativo...
[Backend 16:43:51] Worker ativo...
[Backend 16:43:53] Worker ativo...
[Backend 16:43:55] Worker ativo...
[Backend 16:43:57] Worker ativo...
[Backend 16:43:59] Worker ativo...
[Backend 16:44:01] Worker ativo...
[Backend 16:44:03] Worker ativo...
[Backend 16:44:05] Worker ativo...
[Backend 16:44:07] Worker ativo...
[Backend 16:44:09] Worker ativo...
[Backend 16:44:11] Worker ativo...
[Backend 16:44:13] Worker ativo...
[Backend 16:44:15] Worker ativo...
[Backend 16:44:17] Worker ativo...
[Backend 16:44:19] Worker ativo...
[Backend 16:44:21] Worker ativo...
[Backend 16:44:23] Worker ativo...
[Backend 16:44:25] Worker ativo...
[Backend 16:44:27] Worker ativo...
[Backend 16:44:29] Worker ativo...
[Backend 16:44:31] Worker ativo...
[Backend 16:44:33] Worker ativo...
[Backend 16:44:35] Worker ativo...
[Backend 16:44:37] Worker ativo...
[Backend 16:44:39] Worker ativo...
[Backend 16:44:41] Worker ativo...
[Backend 16:44:43] Worker ativo...
[Backend 16:44:45] Worker ativo...
[Backend 16:44:47] Worker ativo...
[Backend 16:44:49] Worker ativo...
[Backend 16:44:51] Worker ativo...
[Backend 16:44:53] Worker ativo...
[Backend 16:44:55] Worker ativo...
[Backend 16:44:57] Worker ativo...
[Backend 16:44:59] Worker ativo...
[Backend 16:45:01] Worker ativo...
[Backend 16:45:03] Worker ativo...
[Backend 16:45:05] Worker ativo...
[Backend 16:45:07] Worker ativo...
[Backend 16:45:09] Worker ativo...
[Backend 16:45:11] Worker ativo...
[Backend 16:45:13] Worker ativo...
[Backend 16:45:15] Worker ativo...
[Backend 16:45:17] Worker ativo...
[Backend 16:45:19] Worker ativo...
[Backend 16:45:21] Worker ativo...
[Backend 16:45:23] Worker ativo...
[Backend 16:45:25] Worker ativo...
[Backend 16:45:27] Worker ativo...
[Backend 16:45:29] Worker ativo...
[Backend 16:45:31] Worker ativo...
[Backend 16:45:33] Worker ativo...
[Backend 16:45:35] Worker ativo...
[Backend 16:45:37] Worker ativo...
[Backend 16:45:39] Worker ativo...
[Backend 16:45:41] Worker ativo...
[Backend 16:45:43] Worker ativo...
[Backend 16:45:45] Worker ativo...
[Backend 16:45:47] Worker ativo...
[Backend 16:45:49] Worker ativo...
[Backend 16:45:51] Worker ativo...
[Backend 16:45:53] Worker ativo...
[Backend 16:45:55] Worker ativo...
[Backend 16:45:57] Worker ativo...
[Backend 16:45:59] Worker ativo...
[Backend 16:46:01] Worker ativo...
[Backend 16:46:03] Worker ativo...
[Backend 16:46:05] Worker ativo...
[Backend 16:46:07] Worker ativo...
[Backend 16:46:09] Worker ativo...
[Backend 16:46:11] Worker ativo...
[Backend 16:46:13] Worker ativo...
[Backend 16:46:15] Worker ativo...
[Backend 16:46:17] Worker ativo...
[Backend 16:46:19] Worker ativo...
[Backend 16:46:21] Worker ativo...
[Backend 16:46:23] Worker ativo...
[Backend 16:46:25] Worker ativo...
[Backend 16:46:27] Worker ativo...
[Backend 16:46:29] Worker ativo...
[Backend 16:46:31] Worker ativo...
[Backend 16:46:34] Worker ativo...
[Backend 16:46:36] Worker ativo...
[Backend 16:46:38] Worker ativo...
[Backend 16:46:40] Worker ativo...
[Backend 16:46:42] Worker ativo...
[Backend 16:46:44] Worker ativo...
[Backend 16:46:46] Worker ativo...
[Backend 16:46:48] Worker ativo...
[Backend 16:46:50] Worker ativo...
[Backend 16:46:52] Worker ativo...
[Backend 16:46:54] Worker ativo...
[Backend 16:46:56] Worker ativo...
[Backend 16:46:58] Worker ativo...
[Backend 16:47:00] Worker ativo...
[Backend 16:47:02] Worker ativo...
[Backend 16:47:04] Worker ativo...
[Backend 16:47:06] Worker ativo...
[Backend 16:47:08] Worker ativo...
[Backend 16:47:10] Worker ativo...
[Backend 16:47:12] Worker ativo...
[Backend 16:47:14] Worker ativo...
[Backend 16:47:16] Worker ativo...
[Backend 16:47:18] Worker ativo...
[Backend 16:47:20] Worker ativo...
[Backend 16:47:22] Worker ativo...
[Backend 16:47:24] Worker ativo...
[Backend 16:47:26] Worker ativo...
[Backend 16:47:28] Worker ativo...
[Backend 16:47:30] Worker ativo...
[Backend 16:47:32] Worker ativo...
[Backend 16:47:34] Worker ativo...
[Backend 16:47:36] Worker ativo...
[Backend 16:47:38] Worker ativo...
[Backend 16:47:40] Worker ativo...
[Backend 16:47:42] Worker ativo...
[Backend 16:47:44] Worker ativo...
[Backend 16:47:46] Worker ativo...
[Backend 16:47:48] Worker ativo...
[Backend 16:47:50] Worker ativo...
[Backend 16:47:52] Worker ativo...
[Backend 16:47:54] Worker ativo...
[Backend 16:47:56] Worker ativo...
[Backend 16:47:58] Worker ativo...
[Backend 16:48:00] Worker ativo...
[Backend 16:48:02] Worker ativo...
[Backend 16:48:04] Worker ativo...
[Backend 16:48:06] Worker ativo...
[Backend 16:48:08] Worker ativo...
[Backend 16:48:10] Worker ativo...
[Backend 16:48:12] Worker ativo...
[Backend 16:48:14] Worker ativo...
[Backend 16:48:16] Worker ativo...
[Backend 16:48:18] Worker ativo...
[Backend 16:48:20] Worker ativo...
[Backend 16:48:22] Worker ativo...
[Backend 16:48:24] Worker ativo...
[Backend 16:48:26] Worker ativo...
[Backend 16:48:28] Worker ativo...
[Backend 16:48:30] Worker ativo...
[Backend 16:48:32] Worker ativo...
[Backend 16:48:34] Worker ativo...
[Backend 16:48:36] Worker ativo...
[Backend 16:48:38] Worker ativo...
[Backend 16:48:40] Worker ativo...
[Backend 16:48:42] Worker ativo...
[Backend 16:48:44] Worker ativo...
[Backend 16:48:46] Worker ativo...
[Backend 16:48:48] Worker ativo...
[Backend 16:48:50] Worker ativo...
[Backend 16:48:52] Worker ativo...
[Backend 16:48:54] Worker ativo...
[Backend 16:48:56] Worker ativo...
[Backend 16:48:58] Worker ativo...
[Backend 16:49:00] Worker ativo...
[Backend 16:49:02] Worker ativo...
[Backend 16:49:04] Worker ativo...
[Backend 16:49:06] Worker ativo...
[Backend 16:49:08] Worker ativo...
[Backend 16:49:10] Worker ativo...
[Backend 16:49:12] Worker ativo...
[Backend 16:49:14] Worker ativo...
[Backend 16:49:16] Worker ativo...
[Backend 16:49:18] Worker ativo...
[Backend 16:49:20] Worker ativo...
[Backend 16:49:22] Worker ativo...
[Backend 16:49:24] Worker ativo...
[Backend 16:49:26] Worker ativo...
[Backend 16:49:28] Worker ativo...
[Backend 16:49:30] Worker ativo...
[Backend 16:49:32] Worker ativo...
[Backend 16:49:34] Worker ativo...
[Backend 16:49:36] Worker ativo...
[Backend 16:49:38] Worker ativo...
[Backend 16:49:40] Worker ativo...
[Backend 16:49:42] Worker ativo...
[Backend 16:49:44] Worker ativo...
[Backend 16:49:46] Worker ativo...
[Backend 16:49:48] Worker ativo...
[Backend 16:49:50] Worker ativo...
[Backend 16:49:52] Worker ativo...
[Backend 16:49:54] Worker ativo...
[Backend 16:49:56] Worker ativo...
[Backend 16:49:58] Worker ativo...
[Backend 16:50:00] Worker ativo...
[Backend 16:50:02] Worker ativo...
[Backend 16:50:04] Worker ativo...
[Backend 16:50:06] Worker ativo...
[Backend 16:50:08] Worker ativo...
[Backend 16:50:10] Worker ativo...
[Backend 16:50:12] Worker ativo...
[Backend 16:50:14] Worker ativo...
[Backend 16:50:16] Worker ativo...
[Backend 16:50:18] Worker ativo...
[Backend 16:50:20] Worker ativo...
[Backend 16:50:22] Worker ativo...
[Backend 16:50:24] Worker ativo...
[Backend 16:50:26] Worker ativo...
[Backend 16:50:28] Worker ativo...
[Backend 16:50:30] Worker ativo...
[Backend 16:50:32] Worker ativo...
[Backend 16:50:34] Worker ativo...
[Backend 16:50:36] Worker ativo...
[Backend 16:50:38] Worker ativo...
[Backend 16:50:40] Worker ativo...
[Backend 16:50:42] Worker ativo...
[Backend 16:50:44] Worker ativo...
[Backend 16:50:46] Worker ativo...
[Backend 16:50:48] Worker ativo...
[Backend 16:50:50] Worker ativo...
[Backend 16:50:52] Worker ativo...
[Backend 16:50:54] Worker ativo...
[Backend 16:50:56] Worker ativo...
[Backend 16:50:58] Worker ativo...
[Backend 16:51:00] Worker ativo...
[Backend 16:51:02] Worker ativo...
[Backend 16:51:04] Worker ativo...
[Backend 16:51:06] Worker ativo...
[Backend 16:51:08] Worker ativo...
[Backend 16:51:10] Worker ativo...
[Backend 16:51:12] Worker ativo...
[Backend 16:51:14] Worker ativo...
[Backend 16:51:16] Worker ativo...
[Backend 16:51:18] Worker ativo...
[Backend 16:51:20] Worker ativo...
[Backend 16:51:22] Worker ativo...
[Backend 16:51:24] Worker ativo...
[Backend 16:51:26] Worker ativo...
[Backend 16:51:28] Worker ativo...
[Backend 16:51:30] Worker ativo...
[Backend 16:51:32] Worker ativo...
[Backend 16:51:34] Worker ativo...
[Backend 16:51:36] Worker ativo...
[Backend 16:51:38] Worker ativo...
[Backend 16:51:40] Worker ativo...
[Backend 16:51:42] Worker ativo...
[Backend 16:51:44] Worker ativo...
[Backend 16:51:46] Worker ativo...
[Backend 16:51:48] Worker ativo...
[Backend 16:51:50] Worker ativo...
[Backend 16:51:52] Worker ativo...
[Backend 16:51:54] Worker ativo...
[Backend 16:51:56] Worker ativo...
[Backend 16:51:58] Worker ativo...
[Backend 16:52:00] Worker ativo...
[Backend 16:52:02] Worker ativo...
[Backend 16:52:04] Worker ativo...
[Backend 16:52:06] Worker ativo...
[Backend 16:52:08] Worker ativo...
[Backend 16:52:10] Worker ativo...
[Backend 16:52:12] Worker ativo...
[Backend 16:52:14] Worker ativo...
[Backend 16:52:16] Worker ativo...
[Backend 16:52:18] Worker ativo...
[Backend 16:52:20] Worker ativo...
[Backend 16:52:22] Worker ativo...
[Backend 16:52:24] Worker ativo...
[Backend 16:52:26] Worker ativo...
[Backend 16:52:28] Worker ativo...
[Backend 16:52:30] Worker ativo...
[Backend 16:52:32] Worker ativo...
[Backend 16:52:34] Worker ativo...
[Backend 16:52:36] Worker ativo...
[Backend 16:52:38] Worker ativo...
[Backend 16:52:40] Worker ativo...
[Backend 16:52:42] Worker ativo...
[Backend 16:52:44] Worker ativo...
[Backend 16:52:46] Worker ativo...
[Backend 16:52:48] Worker ativo...
[Backend 16:52:50] Worker ativo...
[Backend 16:52:52] Worker ativo...
[Backend 16:52:54] Worker ativo...
[Backend 16:52:56] Worker ativo...
[Backend 16:52:58] Worker ativo...
[Backend 16:53:00] Worker ativo...
[Backend 16:53:02] Worker ativo...
[Backend 16:53:04] Worker ativo...
[Backend 16:53:06] Worker ativo...
[Backend 16:53:08] Worker ativo...
[Backend 16:53:10] Worker ativo...
[Backend 16:53:12] Worker ativo...
[Backend 16:53:14] Worker ativo...
[Backend 16:53:16] Worker ativo...
[Backend 16:53:18] Worker ativo...
[Backend 16:53:20] Worker ativo...
[Backend 16:53:22] Worker ativo...
[Backend 16:53:24] Worker ativo...
[Backend 16:53:26] Worker ativo...
[Backend 16:53:28] Worker ativo...
[Backend 16:53:30] Worker ativo...
[Backend 16:53:32] Worker ativo...
[Backend 16:53:34] Worker ativo...
[Backend 16:53:36] Worker ativo...
[Backend 16:53:38] Worker ativo...
[Backend 16:53:40] Worker ativo...
[Backend 16:53:42] Worker ativo...
[Backend 16:53:44] Worker ativo...
[Backend 16:53:46] Worker ativo...
[Backend 16:53:48] Worker ativo...
[Backend 16:53:50] Worker ativo...
[Backend 16:53:52] Worker ativo...
[Backend 16:53:54] Worker ativo...
[Backend 16:53:56] Worker ativo...
[Backend 16:53:58] Worker ativo...
[Backend 16:54:00] Worker ativo...
[Backend 16:54:02] Worker ativo...
[Backend 16:54:04] Worker ativo...
[Backend 16:54:06] Worker ativo...
[Backend 16:54:08] Worker ativo...
[Backend 16:54:10] Worker ativo...
[Backend 16:54:12] Worker ativo...
[Backend 16:54:14] Worker ativo...
[Backend 16:54:16] Worker ativo...
[Backend 16:54:18] Worker ativo...
[Backend 16:54:20] Worker ativo...
[Backend 16:54:22] Worker ativo...
[Backend 16:54:24] Worker ativo...
[Backend 16:54:26] Worker ativo...
[Backend 16:54:28] Worker ativo...
[Backend 16:54:30] Worker ativo...
[Backend 16:54:32] Worker ativo...
[Backend 16:54:34] Worker ativo...
[Backend 16:54:36] Worker ativo...
[Backend 16:54:38] Worker ativo...
[Backend 16:54:40] Worker ativo...
[Backend 16:54:42] Worker ativo...
[Backend 16:54:44] Worker ativo...
[Backend 16:54:46] Worker ativo...
[Backend 16:54:49] Worker ativo...
[Backend 16:54:51] Worker ativo...
[Backend 16:54:53] Worker ativo...
[Backend 16:54:55] Worker ativo...
[Backend 16:54:57] Worker ativo...
[Backend 16:54:59] Worker ativo...
[Backend 16:55:01] Worker ativo...
[Backend 16:55:03] Worker ativo...
[Backend 16:55:05] Worker ativo...
[Backend 16:55:07] Worker ativo...
[Backend 16:55:09] Worker ativo...
[Backend 16:55:11] Worker ativo...
[Backend 16:55:13] Worker ativo...
[Backend 16:55:15] Worker ativo...
[Backend 16:55:17] Worker ativo...
[Backend 16:55:19] Worker ativo...
[Backend 16:55:21] Worker ativo...
[Backend 16:55:23] Worker ativo...
[Backend 16:55:25] Worker ativo...
