[Config 09:15:12] EnvVar MINDSCAN_MODE = development
[Config 09:15:12] EnvVar MINDSCAN_API_ENABLED = 1
[Config 09:15:12] EnvVar MINDSCAN_API_HOST = 0.0.0.0
[Config 09:15:12] EnvVar MINDSCAN_API_PORT = 8080
[Config 09:15:12] EnvVar MINDSCAN_WORKER_ENABLED = 1
[Config 09:15:12] EnvVar MINDSCAN_WORKER_INTERVAL = 2.0
[Config 09:15:12] EnvVar MINDSCAN_DATABASE_URL = sqlite:///mindscan.db
[Config 09:15:12] Configurações carregadas com sucesso.
[Config 09:15:12] PROJECT_ROOT = D:\projetos-inovexa\mindscan
[Config 09:15:12] BACKEND_MODE = development
[Config 09:15:12] API_ENABLED = True
[Config 09:15:12] WORKER_ENABLED = True
[Config 11:02:26] EnvVar MINDSCAN_MODE = development
[Config 11:02:26] EnvVar MINDSCAN_API_ENABLED = 1
[Config 11:02:26] EnvVar MINDSCAN_API_HOST = 0.0.0.0
[Config 11:02:26] EnvVar MINDSCAN_API_PORT = 8080
[Config 11:02:26] EnvVar MINDSCAN_WORKER_ENABLED = 1
[Config 11:02:26] EnvVar MINDSCAN_WORKER_INTERVAL = 2.0
[Config 11:02:26] EnvVar MINDSCAN_DATABASE_URL = sqlite:///mindscan.db
[Config 11:02:26] Configurações carregadas com sucesso.
[Config 11:02:26] PROJECT_ROOT = D:\projetos-inovexa\mindscan
[Config 11:02:26] BACKEND_MODE = development
[Config 11:02:26] API_ENABLED = True
[Config 11:02:26] WORKER_ENABLED = True
[Config 11:19:18] EnvVar MINDSCAN_MODE = development
[Config 11:19:18] EnvVar MINDSCAN_API_ENABLED = 1
[Config 11:19:18] EnvVar MINDSCAN_API_HOST = 0.0.0.0
[Config 11:19:18] EnvVar MINDSCAN_API_PORT = 8080
[Config 11:19:18] EnvVar MINDSCAN_WORKER_ENABLED = 1
[Config 11:19:18] EnvVar MINDSCAN_WORKER_INTERVAL = 2.0
[Config 11:19:18] EnvVar MINDSCAN_DATABASE_URL = sqlite:///mindscan.db
[Config 11:19:18] Configurações carregadas com sucesso.
[Config 11:19:18] PROJECT_ROOT = D:\projetos-inovexa\mindscan
[Config 11:19:18] BACKEND_MODE = development
[Config 11:19:18] API_ENABLED = True
[Config 11:19:18] WORKER_ENABLED = True
[Config 11:38:03] EnvVar MINDSCAN_MODE = development
[Config 11:38:03] EnvVar MINDSCAN_API_ENABLED = 1
[Config 11:38:03] EnvVar MINDSCAN_API_HOST = 0.0.0.0
[Config 11:38:03] EnvVar MINDSCAN_API_PORT = 8080
[Config 11:38:03] EnvVar MINDSCAN_WORKER_ENABLED = 1
[Config 11:38:03] EnvVar MINDSCAN_WORKER_INTERVAL = 2.0
[Config 11:38:03] EnvVar MINDSCAN_DATABASE_URL = sqlite:///mindscan.db
[Config 11:38:03] Configurações carregadas com sucesso.
[Config 11:38:03] PROJECT_ROOT = D:\projetos-inovexa\mindscan
[Config 11:38:03] BACKEND_MODE = development
[Config 11:38:03] API_ENABLED = True
[Config 11:38:03] WORKER_ENABLED = True
[Config 12:08:18] EnvVar MINDSCAN_MODE = development
[Config 12:08:18] EnvVar MINDSCAN_API_ENABLED = 1
[Config 12:08:18] EnvVar MINDSCAN_API_HOST = 0.0.0.0
[Config 12:08:18] EnvVar MINDSCAN_API_PORT = 8080
[Config 12:08:18] EnvVar MINDSCAN_WORKER_ENABLED = 1
[Config 12:08:18] EnvVar MINDSCAN_WORKER_INTERVAL = 2.0
[Config 12:08:19] EnvVar MINDSCAN_DATABASE_URL = sqlite:///mindscan.db
[Config 12:08:19] Configurações carregadas com sucesso.
[Config 12:08:19] PROJECT_ROOT = D:\projetos-inovexa\mindscan
[Config 12:08:19] BACKEND_MODE = development
[Config 12:08:19] API_ENABLED = True
[Config 12:08:19] WORKER_ENABLED = True
[Config 13:12:01] EnvVar MINDSCAN_MODE = development
[Config 13:12:01] EnvVar MINDSCAN_API_ENABLED = 1
[Config 13:12:01] EnvVar MINDSCAN_API_HOST = 0.0.0.0
[Config 13:12:01] EnvVar MINDSCAN_API_PORT = 8080
[Config 13:12:01] EnvVar MINDSCAN_WORKER_ENABLED = 1
[Config 13:12:01] EnvVar MINDSCAN_WORKER_INTERVAL = 2.0
[Config 13:12:01] EnvVar MINDSCAN_DATABASE_URL = sqlite:///mindscan.db
[Config 13:12:01] Configurações carregadas com sucesso.
[Config 13:12:01] PROJECT_ROOT = D:\projetos-inovexa\mindscan
[Config 13:12:01] BACKEND_MODE = development
[Config 13:12:01] API_ENABLED = True
[Config 13:12:01] WORKER_ENABLED = True
